Simulator report for e38_qsim
Tue Feb 28 17:56:25 2023
Quartus II 64-Bit Version 13.0.0 Build 156 04/24/2013 SJ Full Version


---------------------
; Table of Contents ;
---------------------
  1. Legal Notice
  2. Simulator Summary
  3. Simulator Settings
  4. Simulation Waveforms
  5. Coverage Summary
  6. Complete 1/0-Value Coverage
  7. Missing 1-Value Coverage
  8. Missing 0-Value Coverage
  9. Simulator INI Usage
 10. Simulator Messages



----------------
; Legal Notice ;
----------------
Copyright (C) 1991-2013 Altera Corporation
Your use of Altera Corporation's design tools, logic functions 
and other software and tools, and its AMPP partner logic 
functions, and any output files from any of the foregoing 
(including device programming or simulation files), and any 
associated documentation or information are expressly subject 
to the terms and conditions of the Altera Program License 
Subscription Agreement, Altera MegaCore Function License 
Agreement, or other applicable license agreement, including, 
without limitation, that your use is for the sole purpose of 
programming logic devices manufactured by Altera and sold by 
Altera or its authorized distributors.  Please refer to the 
applicable agreement for further details.



+--------------------------------------------+
; Simulator Summary                          ;
+-----------------------------+--------------+
; Type                        ; Value        ;
+-----------------------------+--------------+
; Simulation Start Time       ; 0 ps         ;
; Simulation End Time         ; 100.0 us     ;
; Simulation Netlist Size     ; 397 nodes    ;
; Simulation Coverage         ;      81.86 % ;
; Total Number of Transitions ; 2353         ;
; Simulation Breakpoints      ; 0            ;
; Family                      ; Cyclone III  ;
+-----------------------------+--------------+


+------------------------------------------------------------------------------------------------------------------------------------------------------+
; Simulator Settings                                                                                                                                   ;
+--------------------------------------------------------------------------------------------+-----------------------------------------+---------------+
; Option                                                                                     ; Setting                                 ; Default Value ;
+--------------------------------------------------------------------------------------------+-----------------------------------------+---------------+
; Simulation mode                                                                            ; Functional                              ; Timing        ;
; Start time                                                                                 ; 0 ns                                    ; 0 ns          ;
; Simulation results format                                                                  ; VWF                                     ;               ;
; Vector input source                                                                        ; C:/Users/ASUS/Desktop/e38/Waveform2.vwf ;               ;
; Add pins automatically to simulation output waveforms                                      ; On                                      ; On            ;
; Check outputs                                                                              ; Off                                     ; Off           ;
; Report simulation coverage                                                                 ; On                                      ; On            ;
; Display complete 1/0 value coverage report                                                 ; On                                      ; On            ;
; Display missing 1-value coverage report                                                    ; On                                      ; On            ;
; Display missing 0-value coverage report                                                    ; On                                      ; On            ;
; Detect setup and hold time violations                                                      ; Off                                     ; Off           ;
; Detect glitches                                                                            ; Off                                     ; Off           ;
; Disable timing delays in Timing Simulation                                                 ; Off                                     ; Off           ;
; Generate Signal Activity File                                                              ; Off                                     ; Off           ;
; Generate VCD File for PowerPlay Power Analyzer                                             ; Off                                     ; Off           ;
; Group bus channels in simulation results                                                   ; Off                                     ; Off           ;
; Preserve fewer signal transitions to reduce memory requirements                            ; On                                      ; On            ;
; Trigger vector comparison with the specified mode                                          ; INPUT_EDGE                              ; INPUT_EDGE    ;
; Disable setup and hold time violations detection in input registers of bi-directional pins ; Off                                     ; Off           ;
; Overwrite Waveform Inputs With Simulation Outputs                                          ; Off                                     ;               ;
; Perform Glitch Filtering in Timing Simulation                                              ; Auto                                    ; Auto          ;
; Interconnect Delay Model Type                                                              ; Transport                               ; Transport     ;
; Cell Delay Model Type                                                                      ; Transport                               ; Transport     ;
+--------------------------------------------------------------------------------------------+-----------------------------------------+---------------+


+----------------------+
; Simulation Waveforms ;
+----------------------+
Waveform report data cannot be output to ASCII.
Please use Quartus II 64-Bit to view the waveform report data.


+--------------------------------------------------------------------+
; Coverage Summary                                                   ;
+-----------------------------------------------------+--------------+
; Type                                                ; Value        ;
+-----------------------------------------------------+--------------+
; Total coverage as a percentage                      ;      81.86 % ;
; Total nodes checked                                 ; 397          ;
; Total output ports checked                          ; 397          ;
; Total output ports with complete 1/0-value coverage ; 325          ;
; Total output ports with no 1/0-value coverage       ; 72           ;
; Total output ports with no 1-value coverage         ; 72           ;
; Total output ports with no 0-value coverage         ; 72           ;
+-----------------------------------------------------+--------------+


The following table displays output ports that toggle between 1 and 0 during simulation.
+----------------------------------------------------------------------------------------------------------------------------------------------------------------------+
; Complete 1/0-Value Coverage                                                                                                                                          ;
+-------------------------------------------------------------------------+-------------------------------------------------------------------------+------------------+
; Node Name                                                               ; Output Port Name                                                        ; Output Port Type ;
+-------------------------------------------------------------------------+-------------------------------------------------------------------------+------------------+
; |e38|qq[7]                                                              ; |e38|qq[7]                                                              ; pin_out          ;
; |e38|qq[6]                                                              ; |e38|qq[6]                                                              ; pin_out          ;
; |e38|qq[5]                                                              ; |e38|qq[5]                                                              ; pin_out          ;
; |e38|qq[4]                                                              ; |e38|qq[4]                                                              ; pin_out          ;
; |e38|qq[3]                                                              ; |e38|qq[3]                                                              ; pin_out          ;
; |e38|qq[2]                                                              ; |e38|qq[2]                                                              ; pin_out          ;
; |e38|qq[1]                                                              ; |e38|qq[1]                                                              ; pin_out          ;
; |e38|qq[0]                                                              ; |e38|qq[0]                                                              ; pin_out          ;
; |e38|aa[2]                                                              ; |e38|aa[2]                                                              ; out              ;
; |e38|aa[1]                                                              ; |e38|aa[1]                                                              ; out              ;
; |e38|aa[0]                                                              ; |e38|aa[0]                                                              ; out              ;
; |e38|decoder:inst4|lpm_mux:Mux7|mux_cqc:auto_generated|_~0              ; |e38|decoder:inst4|lpm_mux:Mux7|mux_cqc:auto_generated|_~0              ; out0             ;
; |e38|decoder:inst4|lpm_mux:Mux7|mux_cqc:auto_generated|_~1              ; |e38|decoder:inst4|lpm_mux:Mux7|mux_cqc:auto_generated|_~1              ; out0             ;
; |e38|decoder:inst4|lpm_mux:Mux7|mux_cqc:auto_generated|_~2              ; |e38|decoder:inst4|lpm_mux:Mux7|mux_cqc:auto_generated|_~2              ; out0             ;
; |e38|decoder:inst4|lpm_mux:Mux7|mux_cqc:auto_generated|_~3              ; |e38|decoder:inst4|lpm_mux:Mux7|mux_cqc:auto_generated|_~3              ; out0             ;
; |e38|decoder:inst4|lpm_mux:Mux7|mux_cqc:auto_generated|_~4              ; |e38|decoder:inst4|lpm_mux:Mux7|mux_cqc:auto_generated|_~4              ; out0             ;
; |e38|decoder:inst4|lpm_mux:Mux7|mux_cqc:auto_generated|_~6              ; |e38|decoder:inst4|lpm_mux:Mux7|mux_cqc:auto_generated|_~6              ; out0             ;
; |e38|decoder:inst4|lpm_mux:Mux7|mux_cqc:auto_generated|_~7              ; |e38|decoder:inst4|lpm_mux:Mux7|mux_cqc:auto_generated|_~7              ; out0             ;
; |e38|decoder:inst4|lpm_mux:Mux7|mux_cqc:auto_generated|_~8              ; |e38|decoder:inst4|lpm_mux:Mux7|mux_cqc:auto_generated|_~8              ; out0             ;
; |e38|decoder:inst4|lpm_mux:Mux7|mux_cqc:auto_generated|_~9              ; |e38|decoder:inst4|lpm_mux:Mux7|mux_cqc:auto_generated|_~9              ; out0             ;
; |e38|decoder:inst4|lpm_mux:Mux7|mux_cqc:auto_generated|_~10             ; |e38|decoder:inst4|lpm_mux:Mux7|mux_cqc:auto_generated|_~10             ; out0             ;
; |e38|decoder:inst4|lpm_mux:Mux7|mux_cqc:auto_generated|_~11             ; |e38|decoder:inst4|lpm_mux:Mux7|mux_cqc:auto_generated|_~11             ; out0             ;
; |e38|decoder:inst4|lpm_mux:Mux7|mux_cqc:auto_generated|_~12             ; |e38|decoder:inst4|lpm_mux:Mux7|mux_cqc:auto_generated|_~12             ; out0             ;
; |e38|decoder:inst4|lpm_mux:Mux7|mux_cqc:auto_generated|_~13             ; |e38|decoder:inst4|lpm_mux:Mux7|mux_cqc:auto_generated|_~13             ; out0             ;
; |e38|decoder:inst4|lpm_mux:Mux7|mux_cqc:auto_generated|_~15             ; |e38|decoder:inst4|lpm_mux:Mux7|mux_cqc:auto_generated|_~15             ; out0             ;
; |e38|decoder:inst4|lpm_mux:Mux7|mux_cqc:auto_generated|_~16             ; |e38|decoder:inst4|lpm_mux:Mux7|mux_cqc:auto_generated|_~16             ; out0             ;
; |e38|decoder:inst4|lpm_mux:Mux7|mux_cqc:auto_generated|_~17             ; |e38|decoder:inst4|lpm_mux:Mux7|mux_cqc:auto_generated|_~17             ; out0             ;
; |e38|decoder:inst4|lpm_mux:Mux7|mux_cqc:auto_generated|_~19             ; |e38|decoder:inst4|lpm_mux:Mux7|mux_cqc:auto_generated|_~19             ; out0             ;
; |e38|decoder:inst4|lpm_mux:Mux7|mux_cqc:auto_generated|_~20             ; |e38|decoder:inst4|lpm_mux:Mux7|mux_cqc:auto_generated|_~20             ; out0             ;
; |e38|decoder:inst4|lpm_mux:Mux7|mux_cqc:auto_generated|result_node[0]~0 ; |e38|decoder:inst4|lpm_mux:Mux7|mux_cqc:auto_generated|result_node[0]~0 ; out0             ;
; |e38|decoder:inst4|lpm_mux:Mux7|mux_cqc:auto_generated|_~21             ; |e38|decoder:inst4|lpm_mux:Mux7|mux_cqc:auto_generated|_~21             ; out0             ;
; |e38|decoder:inst4|lpm_mux:Mux7|mux_cqc:auto_generated|_~22             ; |e38|decoder:inst4|lpm_mux:Mux7|mux_cqc:auto_generated|_~22             ; out0             ;
; |e38|decoder:inst4|lpm_mux:Mux7|mux_cqc:auto_generated|_~23             ; |e38|decoder:inst4|lpm_mux:Mux7|mux_cqc:auto_generated|_~23             ; out0             ;
; |e38|decoder:inst4|lpm_mux:Mux7|mux_cqc:auto_generated|_~25             ; |e38|decoder:inst4|lpm_mux:Mux7|mux_cqc:auto_generated|_~25             ; out0             ;
; |e38|decoder:inst4|lpm_mux:Mux7|mux_cqc:auto_generated|_~28             ; |e38|decoder:inst4|lpm_mux:Mux7|mux_cqc:auto_generated|_~28             ; out0             ;
; |e38|decoder:inst4|lpm_mux:Mux7|mux_cqc:auto_generated|_~29             ; |e38|decoder:inst4|lpm_mux:Mux7|mux_cqc:auto_generated|_~29             ; out0             ;
; |e38|decoder:inst4|lpm_mux:Mux7|mux_cqc:auto_generated|_~30             ; |e38|decoder:inst4|lpm_mux:Mux7|mux_cqc:auto_generated|_~30             ; out0             ;
; |e38|decoder:inst4|lpm_mux:Mux7|mux_cqc:auto_generated|_~31             ; |e38|decoder:inst4|lpm_mux:Mux7|mux_cqc:auto_generated|_~31             ; out0             ;
; |e38|decoder:inst4|lpm_mux:Mux7|mux_cqc:auto_generated|_~32             ; |e38|decoder:inst4|lpm_mux:Mux7|mux_cqc:auto_generated|_~32             ; out0             ;
; |e38|decoder:inst4|lpm_mux:Mux7|mux_cqc:auto_generated|_~34             ; |e38|decoder:inst4|lpm_mux:Mux7|mux_cqc:auto_generated|_~34             ; out0             ;
; |e38|decoder:inst4|lpm_mux:Mux7|mux_cqc:auto_generated|_~37             ; |e38|decoder:inst4|lpm_mux:Mux7|mux_cqc:auto_generated|_~37             ; out0             ;
; |e38|decoder:inst4|lpm_mux:Mux7|mux_cqc:auto_generated|_~38             ; |e38|decoder:inst4|lpm_mux:Mux7|mux_cqc:auto_generated|_~38             ; out0             ;
; |e38|decoder:inst4|lpm_mux:Mux7|mux_cqc:auto_generated|_~39             ; |e38|decoder:inst4|lpm_mux:Mux7|mux_cqc:auto_generated|_~39             ; out0             ;
; |e38|decoder:inst4|lpm_mux:Mux7|mux_cqc:auto_generated|_~41             ; |e38|decoder:inst4|lpm_mux:Mux7|mux_cqc:auto_generated|_~41             ; out0             ;
; |e38|decoder:inst4|lpm_mux:Mux7|mux_cqc:auto_generated|_~42             ; |e38|decoder:inst4|lpm_mux:Mux7|mux_cqc:auto_generated|_~42             ; out0             ;
; |e38|decoder:inst4|lpm_mux:Mux7|mux_cqc:auto_generated|result_node[0]~1 ; |e38|decoder:inst4|lpm_mux:Mux7|mux_cqc:auto_generated|result_node[0]~1 ; out0             ;
; |e38|decoder:inst4|lpm_mux:Mux7|mux_cqc:auto_generated|result_node[0]   ; |e38|decoder:inst4|lpm_mux:Mux7|mux_cqc:auto_generated|result_node[0]   ; out0             ;
; |e38|decoder:inst4|lpm_mux:Mux6|mux_cqc:auto_generated|_~0              ; |e38|decoder:inst4|lpm_mux:Mux6|mux_cqc:auto_generated|_~0              ; out0             ;
; |e38|decoder:inst4|lpm_mux:Mux6|mux_cqc:auto_generated|_~1              ; |e38|decoder:inst4|lpm_mux:Mux6|mux_cqc:auto_generated|_~1              ; out0             ;
; |e38|decoder:inst4|lpm_mux:Mux6|mux_cqc:auto_generated|_~2              ; |e38|decoder:inst4|lpm_mux:Mux6|mux_cqc:auto_generated|_~2              ; out0             ;
; |e38|decoder:inst4|lpm_mux:Mux6|mux_cqc:auto_generated|_~3              ; |e38|decoder:inst4|lpm_mux:Mux6|mux_cqc:auto_generated|_~3              ; out0             ;
; |e38|decoder:inst4|lpm_mux:Mux6|mux_cqc:auto_generated|_~4              ; |e38|decoder:inst4|lpm_mux:Mux6|mux_cqc:auto_generated|_~4              ; out0             ;
; |e38|decoder:inst4|lpm_mux:Mux6|mux_cqc:auto_generated|_~6              ; |e38|decoder:inst4|lpm_mux:Mux6|mux_cqc:auto_generated|_~6              ; out0             ;
; |e38|decoder:inst4|lpm_mux:Mux6|mux_cqc:auto_generated|_~7              ; |e38|decoder:inst4|lpm_mux:Mux6|mux_cqc:auto_generated|_~7              ; out0             ;
; |e38|decoder:inst4|lpm_mux:Mux6|mux_cqc:auto_generated|_~8              ; |e38|decoder:inst4|lpm_mux:Mux6|mux_cqc:auto_generated|_~8              ; out0             ;
; |e38|decoder:inst4|lpm_mux:Mux6|mux_cqc:auto_generated|_~9              ; |e38|decoder:inst4|lpm_mux:Mux6|mux_cqc:auto_generated|_~9              ; out0             ;
; |e38|decoder:inst4|lpm_mux:Mux6|mux_cqc:auto_generated|_~10             ; |e38|decoder:inst4|lpm_mux:Mux6|mux_cqc:auto_generated|_~10             ; out0             ;
; |e38|decoder:inst4|lpm_mux:Mux6|mux_cqc:auto_generated|_~11             ; |e38|decoder:inst4|lpm_mux:Mux6|mux_cqc:auto_generated|_~11             ; out0             ;
; |e38|decoder:inst4|lpm_mux:Mux6|mux_cqc:auto_generated|_~12             ; |e38|decoder:inst4|lpm_mux:Mux6|mux_cqc:auto_generated|_~12             ; out0             ;
; |e38|decoder:inst4|lpm_mux:Mux6|mux_cqc:auto_generated|_~13             ; |e38|decoder:inst4|lpm_mux:Mux6|mux_cqc:auto_generated|_~13             ; out0             ;
; |e38|decoder:inst4|lpm_mux:Mux6|mux_cqc:auto_generated|_~15             ; |e38|decoder:inst4|lpm_mux:Mux6|mux_cqc:auto_generated|_~15             ; out0             ;
; |e38|decoder:inst4|lpm_mux:Mux6|mux_cqc:auto_generated|_~16             ; |e38|decoder:inst4|lpm_mux:Mux6|mux_cqc:auto_generated|_~16             ; out0             ;
; |e38|decoder:inst4|lpm_mux:Mux6|mux_cqc:auto_generated|_~17             ; |e38|decoder:inst4|lpm_mux:Mux6|mux_cqc:auto_generated|_~17             ; out0             ;
; |e38|decoder:inst4|lpm_mux:Mux6|mux_cqc:auto_generated|_~19             ; |e38|decoder:inst4|lpm_mux:Mux6|mux_cqc:auto_generated|_~19             ; out0             ;
; |e38|decoder:inst4|lpm_mux:Mux6|mux_cqc:auto_generated|_~20             ; |e38|decoder:inst4|lpm_mux:Mux6|mux_cqc:auto_generated|_~20             ; out0             ;
; |e38|decoder:inst4|lpm_mux:Mux6|mux_cqc:auto_generated|result_node[0]~0 ; |e38|decoder:inst4|lpm_mux:Mux6|mux_cqc:auto_generated|result_node[0]~0 ; out0             ;
; |e38|decoder:inst4|lpm_mux:Mux6|mux_cqc:auto_generated|_~21             ; |e38|decoder:inst4|lpm_mux:Mux6|mux_cqc:auto_generated|_~21             ; out0             ;
; |e38|decoder:inst4|lpm_mux:Mux6|mux_cqc:auto_generated|_~23             ; |e38|decoder:inst4|lpm_mux:Mux6|mux_cqc:auto_generated|_~23             ; out0             ;
; |e38|decoder:inst4|lpm_mux:Mux6|mux_cqc:auto_generated|_~24             ; |e38|decoder:inst4|lpm_mux:Mux6|mux_cqc:auto_generated|_~24             ; out0             ;
; |e38|decoder:inst4|lpm_mux:Mux6|mux_cqc:auto_generated|_~25             ; |e38|decoder:inst4|lpm_mux:Mux6|mux_cqc:auto_generated|_~25             ; out0             ;
; |e38|decoder:inst4|lpm_mux:Mux6|mux_cqc:auto_generated|_~26             ; |e38|decoder:inst4|lpm_mux:Mux6|mux_cqc:auto_generated|_~26             ; out0             ;
; |e38|decoder:inst4|lpm_mux:Mux6|mux_cqc:auto_generated|_~28             ; |e38|decoder:inst4|lpm_mux:Mux6|mux_cqc:auto_generated|_~28             ; out0             ;
; |e38|decoder:inst4|lpm_mux:Mux6|mux_cqc:auto_generated|_~29             ; |e38|decoder:inst4|lpm_mux:Mux6|mux_cqc:auto_generated|_~29             ; out0             ;
; |e38|decoder:inst4|lpm_mux:Mux6|mux_cqc:auto_generated|_~30             ; |e38|decoder:inst4|lpm_mux:Mux6|mux_cqc:auto_generated|_~30             ; out0             ;
; |e38|decoder:inst4|lpm_mux:Mux6|mux_cqc:auto_generated|_~32             ; |e38|decoder:inst4|lpm_mux:Mux6|mux_cqc:auto_generated|_~32             ; out0             ;
; |e38|decoder:inst4|lpm_mux:Mux6|mux_cqc:auto_generated|_~33             ; |e38|decoder:inst4|lpm_mux:Mux6|mux_cqc:auto_generated|_~33             ; out0             ;
; |e38|decoder:inst4|lpm_mux:Mux6|mux_cqc:auto_generated|_~34             ; |e38|decoder:inst4|lpm_mux:Mux6|mux_cqc:auto_generated|_~34             ; out0             ;
; |e38|decoder:inst4|lpm_mux:Mux6|mux_cqc:auto_generated|_~35             ; |e38|decoder:inst4|lpm_mux:Mux6|mux_cqc:auto_generated|_~35             ; out0             ;
; |e38|decoder:inst4|lpm_mux:Mux6|mux_cqc:auto_generated|_~37             ; |e38|decoder:inst4|lpm_mux:Mux6|mux_cqc:auto_generated|_~37             ; out0             ;
; |e38|decoder:inst4|lpm_mux:Mux6|mux_cqc:auto_generated|_~38             ; |e38|decoder:inst4|lpm_mux:Mux6|mux_cqc:auto_generated|_~38             ; out0             ;
; |e38|decoder:inst4|lpm_mux:Mux6|mux_cqc:auto_generated|_~39             ; |e38|decoder:inst4|lpm_mux:Mux6|mux_cqc:auto_generated|_~39             ; out0             ;
; |e38|decoder:inst4|lpm_mux:Mux6|mux_cqc:auto_generated|_~41             ; |e38|decoder:inst4|lpm_mux:Mux6|mux_cqc:auto_generated|_~41             ; out0             ;
; |e38|decoder:inst4|lpm_mux:Mux6|mux_cqc:auto_generated|_~42             ; |e38|decoder:inst4|lpm_mux:Mux6|mux_cqc:auto_generated|_~42             ; out0             ;
; |e38|decoder:inst4|lpm_mux:Mux6|mux_cqc:auto_generated|result_node[0]~1 ; |e38|decoder:inst4|lpm_mux:Mux6|mux_cqc:auto_generated|result_node[0]~1 ; out0             ;
; |e38|decoder:inst4|lpm_mux:Mux6|mux_cqc:auto_generated|result_node[0]   ; |e38|decoder:inst4|lpm_mux:Mux6|mux_cqc:auto_generated|result_node[0]   ; out0             ;
; |e38|decoder:inst4|lpm_mux:Mux5|mux_cqc:auto_generated|_~0              ; |e38|decoder:inst4|lpm_mux:Mux5|mux_cqc:auto_generated|_~0              ; out0             ;
; |e38|decoder:inst4|lpm_mux:Mux5|mux_cqc:auto_generated|_~1              ; |e38|decoder:inst4|lpm_mux:Mux5|mux_cqc:auto_generated|_~1              ; out0             ;
; |e38|decoder:inst4|lpm_mux:Mux5|mux_cqc:auto_generated|_~2              ; |e38|decoder:inst4|lpm_mux:Mux5|mux_cqc:auto_generated|_~2              ; out0             ;
; |e38|decoder:inst4|lpm_mux:Mux5|mux_cqc:auto_generated|_~3              ; |e38|decoder:inst4|lpm_mux:Mux5|mux_cqc:auto_generated|_~3              ; out0             ;
; |e38|decoder:inst4|lpm_mux:Mux5|mux_cqc:auto_generated|_~4              ; |e38|decoder:inst4|lpm_mux:Mux5|mux_cqc:auto_generated|_~4              ; out0             ;
; |e38|decoder:inst4|lpm_mux:Mux5|mux_cqc:auto_generated|_~6              ; |e38|decoder:inst4|lpm_mux:Mux5|mux_cqc:auto_generated|_~6              ; out0             ;
; |e38|decoder:inst4|lpm_mux:Mux5|mux_cqc:auto_generated|_~7              ; |e38|decoder:inst4|lpm_mux:Mux5|mux_cqc:auto_generated|_~7              ; out0             ;
; |e38|decoder:inst4|lpm_mux:Mux5|mux_cqc:auto_generated|_~8              ; |e38|decoder:inst4|lpm_mux:Mux5|mux_cqc:auto_generated|_~8              ; out0             ;
; |e38|decoder:inst4|lpm_mux:Mux5|mux_cqc:auto_generated|_~9              ; |e38|decoder:inst4|lpm_mux:Mux5|mux_cqc:auto_generated|_~9              ; out0             ;
; |e38|decoder:inst4|lpm_mux:Mux5|mux_cqc:auto_generated|_~10             ; |e38|decoder:inst4|lpm_mux:Mux5|mux_cqc:auto_generated|_~10             ; out0             ;
; |e38|decoder:inst4|lpm_mux:Mux5|mux_cqc:auto_generated|_~11             ; |e38|decoder:inst4|lpm_mux:Mux5|mux_cqc:auto_generated|_~11             ; out0             ;
; |e38|decoder:inst4|lpm_mux:Mux5|mux_cqc:auto_generated|_~12             ; |e38|decoder:inst4|lpm_mux:Mux5|mux_cqc:auto_generated|_~12             ; out0             ;
; |e38|decoder:inst4|lpm_mux:Mux5|mux_cqc:auto_generated|_~13             ; |e38|decoder:inst4|lpm_mux:Mux5|mux_cqc:auto_generated|_~13             ; out0             ;
; |e38|decoder:inst4|lpm_mux:Mux5|mux_cqc:auto_generated|_~15             ; |e38|decoder:inst4|lpm_mux:Mux5|mux_cqc:auto_generated|_~15             ; out0             ;
; |e38|decoder:inst4|lpm_mux:Mux5|mux_cqc:auto_generated|_~16             ; |e38|decoder:inst4|lpm_mux:Mux5|mux_cqc:auto_generated|_~16             ; out0             ;
; |e38|decoder:inst4|lpm_mux:Mux5|mux_cqc:auto_generated|_~17             ; |e38|decoder:inst4|lpm_mux:Mux5|mux_cqc:auto_generated|_~17             ; out0             ;
; |e38|decoder:inst4|lpm_mux:Mux5|mux_cqc:auto_generated|_~19             ; |e38|decoder:inst4|lpm_mux:Mux5|mux_cqc:auto_generated|_~19             ; out0             ;
; |e38|decoder:inst4|lpm_mux:Mux5|mux_cqc:auto_generated|_~20             ; |e38|decoder:inst4|lpm_mux:Mux5|mux_cqc:auto_generated|_~20             ; out0             ;
; |e38|decoder:inst4|lpm_mux:Mux5|mux_cqc:auto_generated|result_node[0]~0 ; |e38|decoder:inst4|lpm_mux:Mux5|mux_cqc:auto_generated|result_node[0]~0 ; out0             ;
; |e38|decoder:inst4|lpm_mux:Mux5|mux_cqc:auto_generated|_~21             ; |e38|decoder:inst4|lpm_mux:Mux5|mux_cqc:auto_generated|_~21             ; out0             ;
; |e38|decoder:inst4|lpm_mux:Mux5|mux_cqc:auto_generated|_~22             ; |e38|decoder:inst4|lpm_mux:Mux5|mux_cqc:auto_generated|_~22             ; out0             ;
; |e38|decoder:inst4|lpm_mux:Mux5|mux_cqc:auto_generated|_~23             ; |e38|decoder:inst4|lpm_mux:Mux5|mux_cqc:auto_generated|_~23             ; out0             ;
; |e38|decoder:inst4|lpm_mux:Mux5|mux_cqc:auto_generated|_~24             ; |e38|decoder:inst4|lpm_mux:Mux5|mux_cqc:auto_generated|_~24             ; out0             ;
; |e38|decoder:inst4|lpm_mux:Mux5|mux_cqc:auto_generated|_~25             ; |e38|decoder:inst4|lpm_mux:Mux5|mux_cqc:auto_generated|_~25             ; out0             ;
; |e38|decoder:inst4|lpm_mux:Mux5|mux_cqc:auto_generated|_~26             ; |e38|decoder:inst4|lpm_mux:Mux5|mux_cqc:auto_generated|_~26             ; out0             ;
; |e38|decoder:inst4|lpm_mux:Mux5|mux_cqc:auto_generated|_~27             ; |e38|decoder:inst4|lpm_mux:Mux5|mux_cqc:auto_generated|_~27             ; out0             ;
; |e38|decoder:inst4|lpm_mux:Mux5|mux_cqc:auto_generated|_~28             ; |e38|decoder:inst4|lpm_mux:Mux5|mux_cqc:auto_generated|_~28             ; out0             ;
; |e38|decoder:inst4|lpm_mux:Mux5|mux_cqc:auto_generated|_~29             ; |e38|decoder:inst4|lpm_mux:Mux5|mux_cqc:auto_generated|_~29             ; out0             ;
; |e38|decoder:inst4|lpm_mux:Mux5|mux_cqc:auto_generated|_~30             ; |e38|decoder:inst4|lpm_mux:Mux5|mux_cqc:auto_generated|_~30             ; out0             ;
; |e38|decoder:inst4|lpm_mux:Mux5|mux_cqc:auto_generated|_~31             ; |e38|decoder:inst4|lpm_mux:Mux5|mux_cqc:auto_generated|_~31             ; out0             ;
; |e38|decoder:inst4|lpm_mux:Mux5|mux_cqc:auto_generated|_~32             ; |e38|decoder:inst4|lpm_mux:Mux5|mux_cqc:auto_generated|_~32             ; out0             ;
; |e38|decoder:inst4|lpm_mux:Mux5|mux_cqc:auto_generated|_~33             ; |e38|decoder:inst4|lpm_mux:Mux5|mux_cqc:auto_generated|_~33             ; out0             ;
; |e38|decoder:inst4|lpm_mux:Mux5|mux_cqc:auto_generated|_~34             ; |e38|decoder:inst4|lpm_mux:Mux5|mux_cqc:auto_generated|_~34             ; out0             ;
; |e38|decoder:inst4|lpm_mux:Mux5|mux_cqc:auto_generated|_~35             ; |e38|decoder:inst4|lpm_mux:Mux5|mux_cqc:auto_generated|_~35             ; out0             ;
; |e38|decoder:inst4|lpm_mux:Mux5|mux_cqc:auto_generated|_~36             ; |e38|decoder:inst4|lpm_mux:Mux5|mux_cqc:auto_generated|_~36             ; out0             ;
; |e38|decoder:inst4|lpm_mux:Mux5|mux_cqc:auto_generated|_~37             ; |e38|decoder:inst4|lpm_mux:Mux5|mux_cqc:auto_generated|_~37             ; out0             ;
; |e38|decoder:inst4|lpm_mux:Mux5|mux_cqc:auto_generated|_~38             ; |e38|decoder:inst4|lpm_mux:Mux5|mux_cqc:auto_generated|_~38             ; out0             ;
; |e38|decoder:inst4|lpm_mux:Mux5|mux_cqc:auto_generated|_~39             ; |e38|decoder:inst4|lpm_mux:Mux5|mux_cqc:auto_generated|_~39             ; out0             ;
; |e38|decoder:inst4|lpm_mux:Mux5|mux_cqc:auto_generated|_~41             ; |e38|decoder:inst4|lpm_mux:Mux5|mux_cqc:auto_generated|_~41             ; out0             ;
; |e38|decoder:inst4|lpm_mux:Mux5|mux_cqc:auto_generated|_~42             ; |e38|decoder:inst4|lpm_mux:Mux5|mux_cqc:auto_generated|_~42             ; out0             ;
; |e38|decoder:inst4|lpm_mux:Mux5|mux_cqc:auto_generated|result_node[0]~1 ; |e38|decoder:inst4|lpm_mux:Mux5|mux_cqc:auto_generated|result_node[0]~1 ; out0             ;
; |e38|decoder:inst4|lpm_mux:Mux5|mux_cqc:auto_generated|result_node[0]   ; |e38|decoder:inst4|lpm_mux:Mux5|mux_cqc:auto_generated|result_node[0]   ; out0             ;
; |e38|decoder:inst4|lpm_mux:Mux4|mux_cqc:auto_generated|_~0              ; |e38|decoder:inst4|lpm_mux:Mux4|mux_cqc:auto_generated|_~0              ; out0             ;
; |e38|decoder:inst4|lpm_mux:Mux4|mux_cqc:auto_generated|_~1              ; |e38|decoder:inst4|lpm_mux:Mux4|mux_cqc:auto_generated|_~1              ; out0             ;
; |e38|decoder:inst4|lpm_mux:Mux4|mux_cqc:auto_generated|_~2              ; |e38|decoder:inst4|lpm_mux:Mux4|mux_cqc:auto_generated|_~2              ; out0             ;
; |e38|decoder:inst4|lpm_mux:Mux4|mux_cqc:auto_generated|_~3              ; |e38|decoder:inst4|lpm_mux:Mux4|mux_cqc:auto_generated|_~3              ; out0             ;
; |e38|decoder:inst4|lpm_mux:Mux4|mux_cqc:auto_generated|_~4              ; |e38|decoder:inst4|lpm_mux:Mux4|mux_cqc:auto_generated|_~4              ; out0             ;
; |e38|decoder:inst4|lpm_mux:Mux4|mux_cqc:auto_generated|_~6              ; |e38|decoder:inst4|lpm_mux:Mux4|mux_cqc:auto_generated|_~6              ; out0             ;
; |e38|decoder:inst4|lpm_mux:Mux4|mux_cqc:auto_generated|_~7              ; |e38|decoder:inst4|lpm_mux:Mux4|mux_cqc:auto_generated|_~7              ; out0             ;
; |e38|decoder:inst4|lpm_mux:Mux4|mux_cqc:auto_generated|_~8              ; |e38|decoder:inst4|lpm_mux:Mux4|mux_cqc:auto_generated|_~8              ; out0             ;
; |e38|decoder:inst4|lpm_mux:Mux4|mux_cqc:auto_generated|_~9              ; |e38|decoder:inst4|lpm_mux:Mux4|mux_cqc:auto_generated|_~9              ; out0             ;
; |e38|decoder:inst4|lpm_mux:Mux4|mux_cqc:auto_generated|_~10             ; |e38|decoder:inst4|lpm_mux:Mux4|mux_cqc:auto_generated|_~10             ; out0             ;
; |e38|decoder:inst4|lpm_mux:Mux4|mux_cqc:auto_generated|_~11             ; |e38|decoder:inst4|lpm_mux:Mux4|mux_cqc:auto_generated|_~11             ; out0             ;
; |e38|decoder:inst4|lpm_mux:Mux4|mux_cqc:auto_generated|_~12             ; |e38|decoder:inst4|lpm_mux:Mux4|mux_cqc:auto_generated|_~12             ; out0             ;
; |e38|decoder:inst4|lpm_mux:Mux4|mux_cqc:auto_generated|_~13             ; |e38|decoder:inst4|lpm_mux:Mux4|mux_cqc:auto_generated|_~13             ; out0             ;
; |e38|decoder:inst4|lpm_mux:Mux4|mux_cqc:auto_generated|_~15             ; |e38|decoder:inst4|lpm_mux:Mux4|mux_cqc:auto_generated|_~15             ; out0             ;
; |e38|decoder:inst4|lpm_mux:Mux4|mux_cqc:auto_generated|_~16             ; |e38|decoder:inst4|lpm_mux:Mux4|mux_cqc:auto_generated|_~16             ; out0             ;
; |e38|decoder:inst4|lpm_mux:Mux4|mux_cqc:auto_generated|_~17             ; |e38|decoder:inst4|lpm_mux:Mux4|mux_cqc:auto_generated|_~17             ; out0             ;
; |e38|decoder:inst4|lpm_mux:Mux4|mux_cqc:auto_generated|_~19             ; |e38|decoder:inst4|lpm_mux:Mux4|mux_cqc:auto_generated|_~19             ; out0             ;
; |e38|decoder:inst4|lpm_mux:Mux4|mux_cqc:auto_generated|_~20             ; |e38|decoder:inst4|lpm_mux:Mux4|mux_cqc:auto_generated|_~20             ; out0             ;
; |e38|decoder:inst4|lpm_mux:Mux4|mux_cqc:auto_generated|result_node[0]~0 ; |e38|decoder:inst4|lpm_mux:Mux4|mux_cqc:auto_generated|result_node[0]~0 ; out0             ;
; |e38|decoder:inst4|lpm_mux:Mux4|mux_cqc:auto_generated|_~21             ; |e38|decoder:inst4|lpm_mux:Mux4|mux_cqc:auto_generated|_~21             ; out0             ;
; |e38|decoder:inst4|lpm_mux:Mux4|mux_cqc:auto_generated|_~22             ; |e38|decoder:inst4|lpm_mux:Mux4|mux_cqc:auto_generated|_~22             ; out0             ;
; |e38|decoder:inst4|lpm_mux:Mux4|mux_cqc:auto_generated|_~23             ; |e38|decoder:inst4|lpm_mux:Mux4|mux_cqc:auto_generated|_~23             ; out0             ;
; |e38|decoder:inst4|lpm_mux:Mux4|mux_cqc:auto_generated|_~24             ; |e38|decoder:inst4|lpm_mux:Mux4|mux_cqc:auto_generated|_~24             ; out0             ;
; |e38|decoder:inst4|lpm_mux:Mux4|mux_cqc:auto_generated|_~25             ; |e38|decoder:inst4|lpm_mux:Mux4|mux_cqc:auto_generated|_~25             ; out0             ;
; |e38|decoder:inst4|lpm_mux:Mux4|mux_cqc:auto_generated|_~26             ; |e38|decoder:inst4|lpm_mux:Mux4|mux_cqc:auto_generated|_~26             ; out0             ;
; |e38|decoder:inst4|lpm_mux:Mux4|mux_cqc:auto_generated|_~28             ; |e38|decoder:inst4|lpm_mux:Mux4|mux_cqc:auto_generated|_~28             ; out0             ;
; |e38|decoder:inst4|lpm_mux:Mux4|mux_cqc:auto_generated|_~29             ; |e38|decoder:inst4|lpm_mux:Mux4|mux_cqc:auto_generated|_~29             ; out0             ;
; |e38|decoder:inst4|lpm_mux:Mux4|mux_cqc:auto_generated|_~30             ; |e38|decoder:inst4|lpm_mux:Mux4|mux_cqc:auto_generated|_~30             ; out0             ;
; |e38|decoder:inst4|lpm_mux:Mux4|mux_cqc:auto_generated|_~31             ; |e38|decoder:inst4|lpm_mux:Mux4|mux_cqc:auto_generated|_~31             ; out0             ;
; |e38|decoder:inst4|lpm_mux:Mux4|mux_cqc:auto_generated|_~32             ; |e38|decoder:inst4|lpm_mux:Mux4|mux_cqc:auto_generated|_~32             ; out0             ;
; |e38|decoder:inst4|lpm_mux:Mux4|mux_cqc:auto_generated|_~33             ; |e38|decoder:inst4|lpm_mux:Mux4|mux_cqc:auto_generated|_~33             ; out0             ;
; |e38|decoder:inst4|lpm_mux:Mux4|mux_cqc:auto_generated|_~34             ; |e38|decoder:inst4|lpm_mux:Mux4|mux_cqc:auto_generated|_~34             ; out0             ;
; |e38|decoder:inst4|lpm_mux:Mux4|mux_cqc:auto_generated|_~35             ; |e38|decoder:inst4|lpm_mux:Mux4|mux_cqc:auto_generated|_~35             ; out0             ;
; |e38|decoder:inst4|lpm_mux:Mux4|mux_cqc:auto_generated|_~37             ; |e38|decoder:inst4|lpm_mux:Mux4|mux_cqc:auto_generated|_~37             ; out0             ;
; |e38|decoder:inst4|lpm_mux:Mux4|mux_cqc:auto_generated|_~38             ; |e38|decoder:inst4|lpm_mux:Mux4|mux_cqc:auto_generated|_~38             ; out0             ;
; |e38|decoder:inst4|lpm_mux:Mux4|mux_cqc:auto_generated|_~39             ; |e38|decoder:inst4|lpm_mux:Mux4|mux_cqc:auto_generated|_~39             ; out0             ;
; |e38|decoder:inst4|lpm_mux:Mux4|mux_cqc:auto_generated|_~40             ; |e38|decoder:inst4|lpm_mux:Mux4|mux_cqc:auto_generated|_~40             ; out0             ;
; |e38|decoder:inst4|lpm_mux:Mux4|mux_cqc:auto_generated|_~41             ; |e38|decoder:inst4|lpm_mux:Mux4|mux_cqc:auto_generated|_~41             ; out0             ;
; |e38|decoder:inst4|lpm_mux:Mux4|mux_cqc:auto_generated|_~42             ; |e38|decoder:inst4|lpm_mux:Mux4|mux_cqc:auto_generated|_~42             ; out0             ;
; |e38|decoder:inst4|lpm_mux:Mux4|mux_cqc:auto_generated|result_node[0]~1 ; |e38|decoder:inst4|lpm_mux:Mux4|mux_cqc:auto_generated|result_node[0]~1 ; out0             ;
; |e38|decoder:inst4|lpm_mux:Mux4|mux_cqc:auto_generated|result_node[0]   ; |e38|decoder:inst4|lpm_mux:Mux4|mux_cqc:auto_generated|result_node[0]   ; out0             ;
; |e38|decoder:inst4|lpm_mux:Mux3|mux_cqc:auto_generated|_~0              ; |e38|decoder:inst4|lpm_mux:Mux3|mux_cqc:auto_generated|_~0              ; out0             ;
; |e38|decoder:inst4|lpm_mux:Mux3|mux_cqc:auto_generated|_~1              ; |e38|decoder:inst4|lpm_mux:Mux3|mux_cqc:auto_generated|_~1              ; out0             ;
; |e38|decoder:inst4|lpm_mux:Mux3|mux_cqc:auto_generated|_~3              ; |e38|decoder:inst4|lpm_mux:Mux3|mux_cqc:auto_generated|_~3              ; out0             ;
; |e38|decoder:inst4|lpm_mux:Mux3|mux_cqc:auto_generated|_~6              ; |e38|decoder:inst4|lpm_mux:Mux3|mux_cqc:auto_generated|_~6              ; out0             ;
; |e38|decoder:inst4|lpm_mux:Mux3|mux_cqc:auto_generated|_~7              ; |e38|decoder:inst4|lpm_mux:Mux3|mux_cqc:auto_generated|_~7              ; out0             ;
; |e38|decoder:inst4|lpm_mux:Mux3|mux_cqc:auto_generated|_~8              ; |e38|decoder:inst4|lpm_mux:Mux3|mux_cqc:auto_generated|_~8              ; out0             ;
; |e38|decoder:inst4|lpm_mux:Mux3|mux_cqc:auto_generated|_~9              ; |e38|decoder:inst4|lpm_mux:Mux3|mux_cqc:auto_generated|_~9              ; out0             ;
; |e38|decoder:inst4|lpm_mux:Mux3|mux_cqc:auto_generated|_~10             ; |e38|decoder:inst4|lpm_mux:Mux3|mux_cqc:auto_generated|_~10             ; out0             ;
; |e38|decoder:inst4|lpm_mux:Mux3|mux_cqc:auto_generated|_~12             ; |e38|decoder:inst4|lpm_mux:Mux3|mux_cqc:auto_generated|_~12             ; out0             ;
; |e38|decoder:inst4|lpm_mux:Mux3|mux_cqc:auto_generated|_~15             ; |e38|decoder:inst4|lpm_mux:Mux3|mux_cqc:auto_generated|_~15             ; out0             ;
; |e38|decoder:inst4|lpm_mux:Mux3|mux_cqc:auto_generated|_~16             ; |e38|decoder:inst4|lpm_mux:Mux3|mux_cqc:auto_generated|_~16             ; out0             ;
; |e38|decoder:inst4|lpm_mux:Mux3|mux_cqc:auto_generated|_~17             ; |e38|decoder:inst4|lpm_mux:Mux3|mux_cqc:auto_generated|_~17             ; out0             ;
; |e38|decoder:inst4|lpm_mux:Mux3|mux_cqc:auto_generated|_~19             ; |e38|decoder:inst4|lpm_mux:Mux3|mux_cqc:auto_generated|_~19             ; out0             ;
; |e38|decoder:inst4|lpm_mux:Mux3|mux_cqc:auto_generated|_~20             ; |e38|decoder:inst4|lpm_mux:Mux3|mux_cqc:auto_generated|_~20             ; out0             ;
; |e38|decoder:inst4|lpm_mux:Mux3|mux_cqc:auto_generated|result_node[0]~0 ; |e38|decoder:inst4|lpm_mux:Mux3|mux_cqc:auto_generated|result_node[0]~0 ; out0             ;
; |e38|decoder:inst4|lpm_mux:Mux3|mux_cqc:auto_generated|_~21             ; |e38|decoder:inst4|lpm_mux:Mux3|mux_cqc:auto_generated|_~21             ; out0             ;
; |e38|decoder:inst4|lpm_mux:Mux3|mux_cqc:auto_generated|_~22             ; |e38|decoder:inst4|lpm_mux:Mux3|mux_cqc:auto_generated|_~22             ; out0             ;
; |e38|decoder:inst4|lpm_mux:Mux3|mux_cqc:auto_generated|_~23             ; |e38|decoder:inst4|lpm_mux:Mux3|mux_cqc:auto_generated|_~23             ; out0             ;
; |e38|decoder:inst4|lpm_mux:Mux3|mux_cqc:auto_generated|_~24             ; |e38|decoder:inst4|lpm_mux:Mux3|mux_cqc:auto_generated|_~24             ; out0             ;
; |e38|decoder:inst4|lpm_mux:Mux3|mux_cqc:auto_generated|_~25             ; |e38|decoder:inst4|lpm_mux:Mux3|mux_cqc:auto_generated|_~25             ; out0             ;
; |e38|decoder:inst4|lpm_mux:Mux3|mux_cqc:auto_generated|_~26             ; |e38|decoder:inst4|lpm_mux:Mux3|mux_cqc:auto_generated|_~26             ; out0             ;
; |e38|decoder:inst4|lpm_mux:Mux3|mux_cqc:auto_generated|_~28             ; |e38|decoder:inst4|lpm_mux:Mux3|mux_cqc:auto_generated|_~28             ; out0             ;
; |e38|decoder:inst4|lpm_mux:Mux3|mux_cqc:auto_generated|_~29             ; |e38|decoder:inst4|lpm_mux:Mux3|mux_cqc:auto_generated|_~29             ; out0             ;
; |e38|decoder:inst4|lpm_mux:Mux3|mux_cqc:auto_generated|_~30             ; |e38|decoder:inst4|lpm_mux:Mux3|mux_cqc:auto_generated|_~30             ; out0             ;
; |e38|decoder:inst4|lpm_mux:Mux3|mux_cqc:auto_generated|_~31             ; |e38|decoder:inst4|lpm_mux:Mux3|mux_cqc:auto_generated|_~31             ; out0             ;
; |e38|decoder:inst4|lpm_mux:Mux3|mux_cqc:auto_generated|_~32             ; |e38|decoder:inst4|lpm_mux:Mux3|mux_cqc:auto_generated|_~32             ; out0             ;
; |e38|decoder:inst4|lpm_mux:Mux3|mux_cqc:auto_generated|_~33             ; |e38|decoder:inst4|lpm_mux:Mux3|mux_cqc:auto_generated|_~33             ; out0             ;
; |e38|decoder:inst4|lpm_mux:Mux3|mux_cqc:auto_generated|_~34             ; |e38|decoder:inst4|lpm_mux:Mux3|mux_cqc:auto_generated|_~34             ; out0             ;
; |e38|decoder:inst4|lpm_mux:Mux3|mux_cqc:auto_generated|_~35             ; |e38|decoder:inst4|lpm_mux:Mux3|mux_cqc:auto_generated|_~35             ; out0             ;
; |e38|decoder:inst4|lpm_mux:Mux3|mux_cqc:auto_generated|_~37             ; |e38|decoder:inst4|lpm_mux:Mux3|mux_cqc:auto_generated|_~37             ; out0             ;
; |e38|decoder:inst4|lpm_mux:Mux3|mux_cqc:auto_generated|_~38             ; |e38|decoder:inst4|lpm_mux:Mux3|mux_cqc:auto_generated|_~38             ; out0             ;
; |e38|decoder:inst4|lpm_mux:Mux3|mux_cqc:auto_generated|_~39             ; |e38|decoder:inst4|lpm_mux:Mux3|mux_cqc:auto_generated|_~39             ; out0             ;
; |e38|decoder:inst4|lpm_mux:Mux3|mux_cqc:auto_generated|_~41             ; |e38|decoder:inst4|lpm_mux:Mux3|mux_cqc:auto_generated|_~41             ; out0             ;
; |e38|decoder:inst4|lpm_mux:Mux3|mux_cqc:auto_generated|_~42             ; |e38|decoder:inst4|lpm_mux:Mux3|mux_cqc:auto_generated|_~42             ; out0             ;
; |e38|decoder:inst4|lpm_mux:Mux3|mux_cqc:auto_generated|result_node[0]~1 ; |e38|decoder:inst4|lpm_mux:Mux3|mux_cqc:auto_generated|result_node[0]~1 ; out0             ;
; |e38|decoder:inst4|lpm_mux:Mux3|mux_cqc:auto_generated|result_node[0]   ; |e38|decoder:inst4|lpm_mux:Mux3|mux_cqc:auto_generated|result_node[0]   ; out0             ;
; |e38|decoder:inst4|lpm_mux:Mux2|mux_cqc:auto_generated|_~1              ; |e38|decoder:inst4|lpm_mux:Mux2|mux_cqc:auto_generated|_~1              ; out0             ;
; |e38|decoder:inst4|lpm_mux:Mux2|mux_cqc:auto_generated|_~2              ; |e38|decoder:inst4|lpm_mux:Mux2|mux_cqc:auto_generated|_~2              ; out0             ;
; |e38|decoder:inst4|lpm_mux:Mux2|mux_cqc:auto_generated|_~3              ; |e38|decoder:inst4|lpm_mux:Mux2|mux_cqc:auto_generated|_~3              ; out0             ;
; |e38|decoder:inst4|lpm_mux:Mux2|mux_cqc:auto_generated|_~4              ; |e38|decoder:inst4|lpm_mux:Mux2|mux_cqc:auto_generated|_~4              ; out0             ;
; |e38|decoder:inst4|lpm_mux:Mux2|mux_cqc:auto_generated|_~6              ; |e38|decoder:inst4|lpm_mux:Mux2|mux_cqc:auto_generated|_~6              ; out0             ;
; |e38|decoder:inst4|lpm_mux:Mux2|mux_cqc:auto_generated|_~7              ; |e38|decoder:inst4|lpm_mux:Mux2|mux_cqc:auto_generated|_~7              ; out0             ;
; |e38|decoder:inst4|lpm_mux:Mux2|mux_cqc:auto_generated|_~8              ; |e38|decoder:inst4|lpm_mux:Mux2|mux_cqc:auto_generated|_~8              ; out0             ;
; |e38|decoder:inst4|lpm_mux:Mux2|mux_cqc:auto_generated|_~10             ; |e38|decoder:inst4|lpm_mux:Mux2|mux_cqc:auto_generated|_~10             ; out0             ;
; |e38|decoder:inst4|lpm_mux:Mux2|mux_cqc:auto_generated|_~11             ; |e38|decoder:inst4|lpm_mux:Mux2|mux_cqc:auto_generated|_~11             ; out0             ;
; |e38|decoder:inst4|lpm_mux:Mux2|mux_cqc:auto_generated|_~12             ; |e38|decoder:inst4|lpm_mux:Mux2|mux_cqc:auto_generated|_~12             ; out0             ;
; |e38|decoder:inst4|lpm_mux:Mux2|mux_cqc:auto_generated|_~13             ; |e38|decoder:inst4|lpm_mux:Mux2|mux_cqc:auto_generated|_~13             ; out0             ;
; |e38|decoder:inst4|lpm_mux:Mux2|mux_cqc:auto_generated|_~15             ; |e38|decoder:inst4|lpm_mux:Mux2|mux_cqc:auto_generated|_~15             ; out0             ;
; |e38|decoder:inst4|lpm_mux:Mux2|mux_cqc:auto_generated|_~16             ; |e38|decoder:inst4|lpm_mux:Mux2|mux_cqc:auto_generated|_~16             ; out0             ;
; |e38|decoder:inst4|lpm_mux:Mux2|mux_cqc:auto_generated|_~17             ; |e38|decoder:inst4|lpm_mux:Mux2|mux_cqc:auto_generated|_~17             ; out0             ;
; |e38|decoder:inst4|lpm_mux:Mux2|mux_cqc:auto_generated|_~19             ; |e38|decoder:inst4|lpm_mux:Mux2|mux_cqc:auto_generated|_~19             ; out0             ;
; |e38|decoder:inst4|lpm_mux:Mux2|mux_cqc:auto_generated|_~20             ; |e38|decoder:inst4|lpm_mux:Mux2|mux_cqc:auto_generated|_~20             ; out0             ;
; |e38|decoder:inst4|lpm_mux:Mux2|mux_cqc:auto_generated|result_node[0]~0 ; |e38|decoder:inst4|lpm_mux:Mux2|mux_cqc:auto_generated|result_node[0]~0 ; out0             ;
; |e38|decoder:inst4|lpm_mux:Mux2|mux_cqc:auto_generated|_~21             ; |e38|decoder:inst4|lpm_mux:Mux2|mux_cqc:auto_generated|_~21             ; out0             ;
; |e38|decoder:inst4|lpm_mux:Mux2|mux_cqc:auto_generated|_~22             ; |e38|decoder:inst4|lpm_mux:Mux2|mux_cqc:auto_generated|_~22             ; out0             ;
; |e38|decoder:inst4|lpm_mux:Mux2|mux_cqc:auto_generated|_~23             ; |e38|decoder:inst4|lpm_mux:Mux2|mux_cqc:auto_generated|_~23             ; out0             ;
; |e38|decoder:inst4|lpm_mux:Mux2|mux_cqc:auto_generated|_~24             ; |e38|decoder:inst4|lpm_mux:Mux2|mux_cqc:auto_generated|_~24             ; out0             ;
; |e38|decoder:inst4|lpm_mux:Mux2|mux_cqc:auto_generated|_~25             ; |e38|decoder:inst4|lpm_mux:Mux2|mux_cqc:auto_generated|_~25             ; out0             ;
; |e38|decoder:inst4|lpm_mux:Mux2|mux_cqc:auto_generated|_~26             ; |e38|decoder:inst4|lpm_mux:Mux2|mux_cqc:auto_generated|_~26             ; out0             ;
; |e38|decoder:inst4|lpm_mux:Mux2|mux_cqc:auto_generated|_~28             ; |e38|decoder:inst4|lpm_mux:Mux2|mux_cqc:auto_generated|_~28             ; out0             ;
; |e38|decoder:inst4|lpm_mux:Mux2|mux_cqc:auto_generated|_~29             ; |e38|decoder:inst4|lpm_mux:Mux2|mux_cqc:auto_generated|_~29             ; out0             ;
; |e38|decoder:inst4|lpm_mux:Mux2|mux_cqc:auto_generated|_~30             ; |e38|decoder:inst4|lpm_mux:Mux2|mux_cqc:auto_generated|_~30             ; out0             ;
; |e38|decoder:inst4|lpm_mux:Mux2|mux_cqc:auto_generated|_~31             ; |e38|decoder:inst4|lpm_mux:Mux2|mux_cqc:auto_generated|_~31             ; out0             ;
; |e38|decoder:inst4|lpm_mux:Mux2|mux_cqc:auto_generated|_~32             ; |e38|decoder:inst4|lpm_mux:Mux2|mux_cqc:auto_generated|_~32             ; out0             ;
; |e38|decoder:inst4|lpm_mux:Mux2|mux_cqc:auto_generated|_~33             ; |e38|decoder:inst4|lpm_mux:Mux2|mux_cqc:auto_generated|_~33             ; out0             ;
; |e38|decoder:inst4|lpm_mux:Mux2|mux_cqc:auto_generated|_~34             ; |e38|decoder:inst4|lpm_mux:Mux2|mux_cqc:auto_generated|_~34             ; out0             ;
; |e38|decoder:inst4|lpm_mux:Mux2|mux_cqc:auto_generated|_~35             ; |e38|decoder:inst4|lpm_mux:Mux2|mux_cqc:auto_generated|_~35             ; out0             ;
; |e38|decoder:inst4|lpm_mux:Mux2|mux_cqc:auto_generated|_~37             ; |e38|decoder:inst4|lpm_mux:Mux2|mux_cqc:auto_generated|_~37             ; out0             ;
; |e38|decoder:inst4|lpm_mux:Mux2|mux_cqc:auto_generated|_~38             ; |e38|decoder:inst4|lpm_mux:Mux2|mux_cqc:auto_generated|_~38             ; out0             ;
; |e38|decoder:inst4|lpm_mux:Mux2|mux_cqc:auto_generated|_~39             ; |e38|decoder:inst4|lpm_mux:Mux2|mux_cqc:auto_generated|_~39             ; out0             ;
; |e38|decoder:inst4|lpm_mux:Mux2|mux_cqc:auto_generated|_~41             ; |e38|decoder:inst4|lpm_mux:Mux2|mux_cqc:auto_generated|_~41             ; out0             ;
; |e38|decoder:inst4|lpm_mux:Mux2|mux_cqc:auto_generated|_~42             ; |e38|decoder:inst4|lpm_mux:Mux2|mux_cqc:auto_generated|_~42             ; out0             ;
; |e38|decoder:inst4|lpm_mux:Mux2|mux_cqc:auto_generated|result_node[0]~1 ; |e38|decoder:inst4|lpm_mux:Mux2|mux_cqc:auto_generated|result_node[0]~1 ; out0             ;
; |e38|decoder:inst4|lpm_mux:Mux2|mux_cqc:auto_generated|result_node[0]   ; |e38|decoder:inst4|lpm_mux:Mux2|mux_cqc:auto_generated|result_node[0]   ; out0             ;
; |e38|decoder:inst4|lpm_mux:Mux1|mux_cqc:auto_generated|_~0              ; |e38|decoder:inst4|lpm_mux:Mux1|mux_cqc:auto_generated|_~0              ; out0             ;
; |e38|decoder:inst4|lpm_mux:Mux1|mux_cqc:auto_generated|_~1              ; |e38|decoder:inst4|lpm_mux:Mux1|mux_cqc:auto_generated|_~1              ; out0             ;
; |e38|decoder:inst4|lpm_mux:Mux1|mux_cqc:auto_generated|_~2              ; |e38|decoder:inst4|lpm_mux:Mux1|mux_cqc:auto_generated|_~2              ; out0             ;
; |e38|decoder:inst4|lpm_mux:Mux1|mux_cqc:auto_generated|_~3              ; |e38|decoder:inst4|lpm_mux:Mux1|mux_cqc:auto_generated|_~3              ; out0             ;
; |e38|decoder:inst4|lpm_mux:Mux1|mux_cqc:auto_generated|_~4              ; |e38|decoder:inst4|lpm_mux:Mux1|mux_cqc:auto_generated|_~4              ; out0             ;
; |e38|decoder:inst4|lpm_mux:Mux1|mux_cqc:auto_generated|_~5              ; |e38|decoder:inst4|lpm_mux:Mux1|mux_cqc:auto_generated|_~5              ; out0             ;
; |e38|decoder:inst4|lpm_mux:Mux1|mux_cqc:auto_generated|_~6              ; |e38|decoder:inst4|lpm_mux:Mux1|mux_cqc:auto_generated|_~6              ; out0             ;
; |e38|decoder:inst4|lpm_mux:Mux1|mux_cqc:auto_generated|_~7              ; |e38|decoder:inst4|lpm_mux:Mux1|mux_cqc:auto_generated|_~7              ; out0             ;
; |e38|decoder:inst4|lpm_mux:Mux1|mux_cqc:auto_generated|_~8              ; |e38|decoder:inst4|lpm_mux:Mux1|mux_cqc:auto_generated|_~8              ; out0             ;
; |e38|decoder:inst4|lpm_mux:Mux1|mux_cqc:auto_generated|_~9              ; |e38|decoder:inst4|lpm_mux:Mux1|mux_cqc:auto_generated|_~9              ; out0             ;
; |e38|decoder:inst4|lpm_mux:Mux1|mux_cqc:auto_generated|_~10             ; |e38|decoder:inst4|lpm_mux:Mux1|mux_cqc:auto_generated|_~10             ; out0             ;
; |e38|decoder:inst4|lpm_mux:Mux1|mux_cqc:auto_generated|_~11             ; |e38|decoder:inst4|lpm_mux:Mux1|mux_cqc:auto_generated|_~11             ; out0             ;
; |e38|decoder:inst4|lpm_mux:Mux1|mux_cqc:auto_generated|_~12             ; |e38|decoder:inst4|lpm_mux:Mux1|mux_cqc:auto_generated|_~12             ; out0             ;
; |e38|decoder:inst4|lpm_mux:Mux1|mux_cqc:auto_generated|_~13             ; |e38|decoder:inst4|lpm_mux:Mux1|mux_cqc:auto_generated|_~13             ; out0             ;
; |e38|decoder:inst4|lpm_mux:Mux1|mux_cqc:auto_generated|_~14             ; |e38|decoder:inst4|lpm_mux:Mux1|mux_cqc:auto_generated|_~14             ; out0             ;
; |e38|decoder:inst4|lpm_mux:Mux1|mux_cqc:auto_generated|_~15             ; |e38|decoder:inst4|lpm_mux:Mux1|mux_cqc:auto_generated|_~15             ; out0             ;
; |e38|decoder:inst4|lpm_mux:Mux1|mux_cqc:auto_generated|_~16             ; |e38|decoder:inst4|lpm_mux:Mux1|mux_cqc:auto_generated|_~16             ; out0             ;
; |e38|decoder:inst4|lpm_mux:Mux1|mux_cqc:auto_generated|_~17             ; |e38|decoder:inst4|lpm_mux:Mux1|mux_cqc:auto_generated|_~17             ; out0             ;
; |e38|decoder:inst4|lpm_mux:Mux1|mux_cqc:auto_generated|_~19             ; |e38|decoder:inst4|lpm_mux:Mux1|mux_cqc:auto_generated|_~19             ; out0             ;
; |e38|decoder:inst4|lpm_mux:Mux1|mux_cqc:auto_generated|_~20             ; |e38|decoder:inst4|lpm_mux:Mux1|mux_cqc:auto_generated|_~20             ; out0             ;
; |e38|decoder:inst4|lpm_mux:Mux1|mux_cqc:auto_generated|result_node[0]~0 ; |e38|decoder:inst4|lpm_mux:Mux1|mux_cqc:auto_generated|result_node[0]~0 ; out0             ;
; |e38|decoder:inst4|lpm_mux:Mux1|mux_cqc:auto_generated|_~21             ; |e38|decoder:inst4|lpm_mux:Mux1|mux_cqc:auto_generated|_~21             ; out0             ;
; |e38|decoder:inst4|lpm_mux:Mux1|mux_cqc:auto_generated|_~22             ; |e38|decoder:inst4|lpm_mux:Mux1|mux_cqc:auto_generated|_~22             ; out0             ;
; |e38|decoder:inst4|lpm_mux:Mux1|mux_cqc:auto_generated|_~23             ; |e38|decoder:inst4|lpm_mux:Mux1|mux_cqc:auto_generated|_~23             ; out0             ;
; |e38|decoder:inst4|lpm_mux:Mux1|mux_cqc:auto_generated|_~24             ; |e38|decoder:inst4|lpm_mux:Mux1|mux_cqc:auto_generated|_~24             ; out0             ;
; |e38|decoder:inst4|lpm_mux:Mux1|mux_cqc:auto_generated|_~25             ; |e38|decoder:inst4|lpm_mux:Mux1|mux_cqc:auto_generated|_~25             ; out0             ;
; |e38|decoder:inst4|lpm_mux:Mux1|mux_cqc:auto_generated|_~26             ; |e38|decoder:inst4|lpm_mux:Mux1|mux_cqc:auto_generated|_~26             ; out0             ;
; |e38|decoder:inst4|lpm_mux:Mux1|mux_cqc:auto_generated|_~28             ; |e38|decoder:inst4|lpm_mux:Mux1|mux_cqc:auto_generated|_~28             ; out0             ;
; |e38|decoder:inst4|lpm_mux:Mux1|mux_cqc:auto_generated|_~29             ; |e38|decoder:inst4|lpm_mux:Mux1|mux_cqc:auto_generated|_~29             ; out0             ;
; |e38|decoder:inst4|lpm_mux:Mux1|mux_cqc:auto_generated|_~30             ; |e38|decoder:inst4|lpm_mux:Mux1|mux_cqc:auto_generated|_~30             ; out0             ;
; |e38|decoder:inst4|lpm_mux:Mux1|mux_cqc:auto_generated|_~31             ; |e38|decoder:inst4|lpm_mux:Mux1|mux_cqc:auto_generated|_~31             ; out0             ;
; |e38|decoder:inst4|lpm_mux:Mux1|mux_cqc:auto_generated|_~32             ; |e38|decoder:inst4|lpm_mux:Mux1|mux_cqc:auto_generated|_~32             ; out0             ;
; |e38|decoder:inst4|lpm_mux:Mux1|mux_cqc:auto_generated|_~33             ; |e38|decoder:inst4|lpm_mux:Mux1|mux_cqc:auto_generated|_~33             ; out0             ;
; |e38|decoder:inst4|lpm_mux:Mux1|mux_cqc:auto_generated|_~34             ; |e38|decoder:inst4|lpm_mux:Mux1|mux_cqc:auto_generated|_~34             ; out0             ;
; |e38|decoder:inst4|lpm_mux:Mux1|mux_cqc:auto_generated|_~35             ; |e38|decoder:inst4|lpm_mux:Mux1|mux_cqc:auto_generated|_~35             ; out0             ;
; |e38|decoder:inst4|lpm_mux:Mux1|mux_cqc:auto_generated|_~37             ; |e38|decoder:inst4|lpm_mux:Mux1|mux_cqc:auto_generated|_~37             ; out0             ;
; |e38|decoder:inst4|lpm_mux:Mux1|mux_cqc:auto_generated|_~38             ; |e38|decoder:inst4|lpm_mux:Mux1|mux_cqc:auto_generated|_~38             ; out0             ;
; |e38|decoder:inst4|lpm_mux:Mux1|mux_cqc:auto_generated|_~39             ; |e38|decoder:inst4|lpm_mux:Mux1|mux_cqc:auto_generated|_~39             ; out0             ;
; |e38|decoder:inst4|lpm_mux:Mux1|mux_cqc:auto_generated|_~41             ; |e38|decoder:inst4|lpm_mux:Mux1|mux_cqc:auto_generated|_~41             ; out0             ;
; |e38|decoder:inst4|lpm_mux:Mux1|mux_cqc:auto_generated|_~42             ; |e38|decoder:inst4|lpm_mux:Mux1|mux_cqc:auto_generated|_~42             ; out0             ;
; |e38|decoder:inst4|lpm_mux:Mux1|mux_cqc:auto_generated|result_node[0]~1 ; |e38|decoder:inst4|lpm_mux:Mux1|mux_cqc:auto_generated|result_node[0]~1 ; out0             ;
; |e38|decoder:inst4|lpm_mux:Mux1|mux_cqc:auto_generated|result_node[0]   ; |e38|decoder:inst4|lpm_mux:Mux1|mux_cqc:auto_generated|result_node[0]   ; out0             ;
; |e38|decoder:inst4|lpm_mux:Mux0|mux_cqc:auto_generated|_~0              ; |e38|decoder:inst4|lpm_mux:Mux0|mux_cqc:auto_generated|_~0              ; out0             ;
; |e38|decoder:inst4|lpm_mux:Mux0|mux_cqc:auto_generated|_~1              ; |e38|decoder:inst4|lpm_mux:Mux0|mux_cqc:auto_generated|_~1              ; out0             ;
; |e38|decoder:inst4|lpm_mux:Mux0|mux_cqc:auto_generated|_~2              ; |e38|decoder:inst4|lpm_mux:Mux0|mux_cqc:auto_generated|_~2              ; out0             ;
; |e38|decoder:inst4|lpm_mux:Mux0|mux_cqc:auto_generated|_~3              ; |e38|decoder:inst4|lpm_mux:Mux0|mux_cqc:auto_generated|_~3              ; out0             ;
; |e38|decoder:inst4|lpm_mux:Mux0|mux_cqc:auto_generated|_~4              ; |e38|decoder:inst4|lpm_mux:Mux0|mux_cqc:auto_generated|_~4              ; out0             ;
; |e38|decoder:inst4|lpm_mux:Mux0|mux_cqc:auto_generated|_~6              ; |e38|decoder:inst4|lpm_mux:Mux0|mux_cqc:auto_generated|_~6              ; out0             ;
; |e38|decoder:inst4|lpm_mux:Mux0|mux_cqc:auto_generated|_~7              ; |e38|decoder:inst4|lpm_mux:Mux0|mux_cqc:auto_generated|_~7              ; out0             ;
; |e38|decoder:inst4|lpm_mux:Mux0|mux_cqc:auto_generated|_~8              ; |e38|decoder:inst4|lpm_mux:Mux0|mux_cqc:auto_generated|_~8              ; out0             ;
; |e38|decoder:inst4|lpm_mux:Mux0|mux_cqc:auto_generated|_~9              ; |e38|decoder:inst4|lpm_mux:Mux0|mux_cqc:auto_generated|_~9              ; out0             ;
; |e38|decoder:inst4|lpm_mux:Mux0|mux_cqc:auto_generated|_~10             ; |e38|decoder:inst4|lpm_mux:Mux0|mux_cqc:auto_generated|_~10             ; out0             ;
; |e38|decoder:inst4|lpm_mux:Mux0|mux_cqc:auto_generated|_~11             ; |e38|decoder:inst4|lpm_mux:Mux0|mux_cqc:auto_generated|_~11             ; out0             ;
; |e38|decoder:inst4|lpm_mux:Mux0|mux_cqc:auto_generated|_~12             ; |e38|decoder:inst4|lpm_mux:Mux0|mux_cqc:auto_generated|_~12             ; out0             ;
; |e38|decoder:inst4|lpm_mux:Mux0|mux_cqc:auto_generated|_~13             ; |e38|decoder:inst4|lpm_mux:Mux0|mux_cqc:auto_generated|_~13             ; out0             ;
; |e38|decoder:inst4|lpm_mux:Mux0|mux_cqc:auto_generated|_~15             ; |e38|decoder:inst4|lpm_mux:Mux0|mux_cqc:auto_generated|_~15             ; out0             ;
; |e38|decoder:inst4|lpm_mux:Mux0|mux_cqc:auto_generated|_~16             ; |e38|decoder:inst4|lpm_mux:Mux0|mux_cqc:auto_generated|_~16             ; out0             ;
; |e38|decoder:inst4|lpm_mux:Mux0|mux_cqc:auto_generated|_~17             ; |e38|decoder:inst4|lpm_mux:Mux0|mux_cqc:auto_generated|_~17             ; out0             ;
; |e38|decoder:inst4|lpm_mux:Mux0|mux_cqc:auto_generated|_~18             ; |e38|decoder:inst4|lpm_mux:Mux0|mux_cqc:auto_generated|_~18             ; out0             ;
; |e38|decoder:inst4|lpm_mux:Mux0|mux_cqc:auto_generated|_~19             ; |e38|decoder:inst4|lpm_mux:Mux0|mux_cqc:auto_generated|_~19             ; out0             ;
; |e38|decoder:inst4|lpm_mux:Mux0|mux_cqc:auto_generated|_~20             ; |e38|decoder:inst4|lpm_mux:Mux0|mux_cqc:auto_generated|_~20             ; out0             ;
; |e38|decoder:inst4|lpm_mux:Mux0|mux_cqc:auto_generated|result_node[0]~0 ; |e38|decoder:inst4|lpm_mux:Mux0|mux_cqc:auto_generated|result_node[0]~0 ; out0             ;
; |e38|decoder:inst4|lpm_mux:Mux0|mux_cqc:auto_generated|_~21             ; |e38|decoder:inst4|lpm_mux:Mux0|mux_cqc:auto_generated|_~21             ; out0             ;
; |e38|decoder:inst4|lpm_mux:Mux0|mux_cqc:auto_generated|_~22             ; |e38|decoder:inst4|lpm_mux:Mux0|mux_cqc:auto_generated|_~22             ; out0             ;
; |e38|decoder:inst4|lpm_mux:Mux0|mux_cqc:auto_generated|_~23             ; |e38|decoder:inst4|lpm_mux:Mux0|mux_cqc:auto_generated|_~23             ; out0             ;
; |e38|decoder:inst4|lpm_mux:Mux0|mux_cqc:auto_generated|_~24             ; |e38|decoder:inst4|lpm_mux:Mux0|mux_cqc:auto_generated|_~24             ; out0             ;
; |e38|decoder:inst4|lpm_mux:Mux0|mux_cqc:auto_generated|_~25             ; |e38|decoder:inst4|lpm_mux:Mux0|mux_cqc:auto_generated|_~25             ; out0             ;
; |e38|decoder:inst4|lpm_mux:Mux0|mux_cqc:auto_generated|_~26             ; |e38|decoder:inst4|lpm_mux:Mux0|mux_cqc:auto_generated|_~26             ; out0             ;
; |e38|decoder:inst4|lpm_mux:Mux0|mux_cqc:auto_generated|_~28             ; |e38|decoder:inst4|lpm_mux:Mux0|mux_cqc:auto_generated|_~28             ; out0             ;
; |e38|decoder:inst4|lpm_mux:Mux0|mux_cqc:auto_generated|_~29             ; |e38|decoder:inst4|lpm_mux:Mux0|mux_cqc:auto_generated|_~29             ; out0             ;
; |e38|decoder:inst4|lpm_mux:Mux0|mux_cqc:auto_generated|_~30             ; |e38|decoder:inst4|lpm_mux:Mux0|mux_cqc:auto_generated|_~30             ; out0             ;
; |e38|decoder:inst4|lpm_mux:Mux0|mux_cqc:auto_generated|_~31             ; |e38|decoder:inst4|lpm_mux:Mux0|mux_cqc:auto_generated|_~31             ; out0             ;
; |e38|decoder:inst4|lpm_mux:Mux0|mux_cqc:auto_generated|_~32             ; |e38|decoder:inst4|lpm_mux:Mux0|mux_cqc:auto_generated|_~32             ; out0             ;
; |e38|decoder:inst4|lpm_mux:Mux0|mux_cqc:auto_generated|_~33             ; |e38|decoder:inst4|lpm_mux:Mux0|mux_cqc:auto_generated|_~33             ; out0             ;
; |e38|decoder:inst4|lpm_mux:Mux0|mux_cqc:auto_generated|_~34             ; |e38|decoder:inst4|lpm_mux:Mux0|mux_cqc:auto_generated|_~34             ; out0             ;
; |e38|decoder:inst4|lpm_mux:Mux0|mux_cqc:auto_generated|_~35             ; |e38|decoder:inst4|lpm_mux:Mux0|mux_cqc:auto_generated|_~35             ; out0             ;
; |e38|decoder:inst4|lpm_mux:Mux0|mux_cqc:auto_generated|_~37             ; |e38|decoder:inst4|lpm_mux:Mux0|mux_cqc:auto_generated|_~37             ; out0             ;
; |e38|decoder:inst4|lpm_mux:Mux0|mux_cqc:auto_generated|_~38             ; |e38|decoder:inst4|lpm_mux:Mux0|mux_cqc:auto_generated|_~38             ; out0             ;
; |e38|decoder:inst4|lpm_mux:Mux0|mux_cqc:auto_generated|_~39             ; |e38|decoder:inst4|lpm_mux:Mux0|mux_cqc:auto_generated|_~39             ; out0             ;
; |e38|decoder:inst4|lpm_mux:Mux0|mux_cqc:auto_generated|_~41             ; |e38|decoder:inst4|lpm_mux:Mux0|mux_cqc:auto_generated|_~41             ; out0             ;
; |e38|decoder:inst4|lpm_mux:Mux0|mux_cqc:auto_generated|_~42             ; |e38|decoder:inst4|lpm_mux:Mux0|mux_cqc:auto_generated|_~42             ; out0             ;
; |e38|decoder:inst4|lpm_mux:Mux0|mux_cqc:auto_generated|result_node[0]~1 ; |e38|decoder:inst4|lpm_mux:Mux0|mux_cqc:auto_generated|result_node[0]~1 ; out0             ;
; |e38|decoder:inst4|lpm_mux:Mux0|mux_cqc:auto_generated|result_node[0]   ; |e38|decoder:inst4|lpm_mux:Mux0|mux_cqc:auto_generated|result_node[0]   ; out0             ;
+-------------------------------------------------------------------------+-------------------------------------------------------------------------+------------------+


The following table displays output ports that do not toggle to 1 during simulation.
+----------------------------------------------------------------------------------------------------------------------------------------------+
; Missing 1-Value Coverage                                                                                                                     ;
+-------------------------------------------------------------+-------------------------------------------------------------+------------------+
; Node Name                                                   ; Output Port Name                                            ; Output Port Type ;
+-------------------------------------------------------------+-------------------------------------------------------------+------------------+
; |e38|y7                                                     ; |e38|y7                                                     ; pin_out          ;
; |e38|inst11                                                 ; |e38|inst11                                                 ; out0             ;
; |e38|a                                                      ; |e38|a                                                      ; out              ;
; |e38|b                                                      ; |e38|b                                                      ; out              ;
; |e38|c                                                      ; |e38|c                                                      ; out              ;
; |e38|y6                                                     ; |e38|y6                                                     ; pin_out          ;
; |e38|inst12                                                 ; |e38|inst12                                                 ; out0             ;
; |e38|y5                                                     ; |e38|y5                                                     ; pin_out          ;
; |e38|inst13                                                 ; |e38|inst13                                                 ; out0             ;
; |e38|y4                                                     ; |e38|y4                                                     ; pin_out          ;
; |e38|inst14                                                 ; |e38|inst14                                                 ; out0             ;
; |e38|y3                                                     ; |e38|y3                                                     ; pin_out          ;
; |e38|inst15                                                 ; |e38|inst15                                                 ; out0             ;
; |e38|y2                                                     ; |e38|y2                                                     ; pin_out          ;
; |e38|inst16                                                 ; |e38|inst16                                                 ; out0             ;
; |e38|y1                                                     ; |e38|y1                                                     ; pin_out          ;
; |e38|inst17                                                 ; |e38|inst17                                                 ; out0             ;
; |e38|y0                                                     ; |e38|y0                                                     ; pin_out          ;
; |e38|decoder:inst4|lpm_mux:Mux7|mux_cqc:auto_generated|_~5  ; |e38|decoder:inst4|lpm_mux:Mux7|mux_cqc:auto_generated|_~5  ; out0             ;
; |e38|decoder:inst4|lpm_mux:Mux7|mux_cqc:auto_generated|_~14 ; |e38|decoder:inst4|lpm_mux:Mux7|mux_cqc:auto_generated|_~14 ; out0             ;
; |e38|decoder:inst4|lpm_mux:Mux7|mux_cqc:auto_generated|_~18 ; |e38|decoder:inst4|lpm_mux:Mux7|mux_cqc:auto_generated|_~18 ; out0             ;
; |e38|decoder:inst4|lpm_mux:Mux7|mux_cqc:auto_generated|_~24 ; |e38|decoder:inst4|lpm_mux:Mux7|mux_cqc:auto_generated|_~24 ; out0             ;
; |e38|decoder:inst4|lpm_mux:Mux7|mux_cqc:auto_generated|_~26 ; |e38|decoder:inst4|lpm_mux:Mux7|mux_cqc:auto_generated|_~26 ; out0             ;
; |e38|decoder:inst4|lpm_mux:Mux7|mux_cqc:auto_generated|_~27 ; |e38|decoder:inst4|lpm_mux:Mux7|mux_cqc:auto_generated|_~27 ; out0             ;
; |e38|decoder:inst4|lpm_mux:Mux7|mux_cqc:auto_generated|_~33 ; |e38|decoder:inst4|lpm_mux:Mux7|mux_cqc:auto_generated|_~33 ; out0             ;
; |e38|decoder:inst4|lpm_mux:Mux7|mux_cqc:auto_generated|_~35 ; |e38|decoder:inst4|lpm_mux:Mux7|mux_cqc:auto_generated|_~35 ; out0             ;
; |e38|decoder:inst4|lpm_mux:Mux7|mux_cqc:auto_generated|_~36 ; |e38|decoder:inst4|lpm_mux:Mux7|mux_cqc:auto_generated|_~36 ; out0             ;
; |e38|decoder:inst4|lpm_mux:Mux7|mux_cqc:auto_generated|_~40 ; |e38|decoder:inst4|lpm_mux:Mux7|mux_cqc:auto_generated|_~40 ; out0             ;
; |e38|decoder:inst4|lpm_mux:Mux6|mux_cqc:auto_generated|_~5  ; |e38|decoder:inst4|lpm_mux:Mux6|mux_cqc:auto_generated|_~5  ; out0             ;
; |e38|decoder:inst4|lpm_mux:Mux6|mux_cqc:auto_generated|_~14 ; |e38|decoder:inst4|lpm_mux:Mux6|mux_cqc:auto_generated|_~14 ; out0             ;
; |e38|decoder:inst4|lpm_mux:Mux6|mux_cqc:auto_generated|_~18 ; |e38|decoder:inst4|lpm_mux:Mux6|mux_cqc:auto_generated|_~18 ; out0             ;
; |e38|decoder:inst4|lpm_mux:Mux6|mux_cqc:auto_generated|_~22 ; |e38|decoder:inst4|lpm_mux:Mux6|mux_cqc:auto_generated|_~22 ; out0             ;
; |e38|decoder:inst4|lpm_mux:Mux6|mux_cqc:auto_generated|_~27 ; |e38|decoder:inst4|lpm_mux:Mux6|mux_cqc:auto_generated|_~27 ; out0             ;
; |e38|decoder:inst4|lpm_mux:Mux6|mux_cqc:auto_generated|_~31 ; |e38|decoder:inst4|lpm_mux:Mux6|mux_cqc:auto_generated|_~31 ; out0             ;
; |e38|decoder:inst4|lpm_mux:Mux6|mux_cqc:auto_generated|_~36 ; |e38|decoder:inst4|lpm_mux:Mux6|mux_cqc:auto_generated|_~36 ; out0             ;
; |e38|decoder:inst4|lpm_mux:Mux6|mux_cqc:auto_generated|_~40 ; |e38|decoder:inst4|lpm_mux:Mux6|mux_cqc:auto_generated|_~40 ; out0             ;
; |e38|decoder:inst4|lpm_mux:Mux5|mux_cqc:auto_generated|_~5  ; |e38|decoder:inst4|lpm_mux:Mux5|mux_cqc:auto_generated|_~5  ; out0             ;
; |e38|decoder:inst4|lpm_mux:Mux5|mux_cqc:auto_generated|_~14 ; |e38|decoder:inst4|lpm_mux:Mux5|mux_cqc:auto_generated|_~14 ; out0             ;
; |e38|decoder:inst4|lpm_mux:Mux5|mux_cqc:auto_generated|_~18 ; |e38|decoder:inst4|lpm_mux:Mux5|mux_cqc:auto_generated|_~18 ; out0             ;
; |e38|decoder:inst4|lpm_mux:Mux5|mux_cqc:auto_generated|_~40 ; |e38|decoder:inst4|lpm_mux:Mux5|mux_cqc:auto_generated|_~40 ; out0             ;
; |e38|decoder:inst4|lpm_mux:Mux4|mux_cqc:auto_generated|_~5  ; |e38|decoder:inst4|lpm_mux:Mux4|mux_cqc:auto_generated|_~5  ; out0             ;
; |e38|decoder:inst4|lpm_mux:Mux4|mux_cqc:auto_generated|_~14 ; |e38|decoder:inst4|lpm_mux:Mux4|mux_cqc:auto_generated|_~14 ; out0             ;
; |e38|decoder:inst4|lpm_mux:Mux4|mux_cqc:auto_generated|_~18 ; |e38|decoder:inst4|lpm_mux:Mux4|mux_cqc:auto_generated|_~18 ; out0             ;
; |e38|decoder:inst4|lpm_mux:Mux4|mux_cqc:auto_generated|_~27 ; |e38|decoder:inst4|lpm_mux:Mux4|mux_cqc:auto_generated|_~27 ; out0             ;
; |e38|decoder:inst4|lpm_mux:Mux4|mux_cqc:auto_generated|_~36 ; |e38|decoder:inst4|lpm_mux:Mux4|mux_cqc:auto_generated|_~36 ; out0             ;
; |e38|decoder:inst4|lpm_mux:Mux3|mux_cqc:auto_generated|_~2  ; |e38|decoder:inst4|lpm_mux:Mux3|mux_cqc:auto_generated|_~2  ; out0             ;
; |e38|decoder:inst4|lpm_mux:Mux3|mux_cqc:auto_generated|_~4  ; |e38|decoder:inst4|lpm_mux:Mux3|mux_cqc:auto_generated|_~4  ; out0             ;
; |e38|decoder:inst4|lpm_mux:Mux3|mux_cqc:auto_generated|_~5  ; |e38|decoder:inst4|lpm_mux:Mux3|mux_cqc:auto_generated|_~5  ; out0             ;
; |e38|decoder:inst4|lpm_mux:Mux3|mux_cqc:auto_generated|_~11 ; |e38|decoder:inst4|lpm_mux:Mux3|mux_cqc:auto_generated|_~11 ; out0             ;
; |e38|decoder:inst4|lpm_mux:Mux3|mux_cqc:auto_generated|_~13 ; |e38|decoder:inst4|lpm_mux:Mux3|mux_cqc:auto_generated|_~13 ; out0             ;
; |e38|decoder:inst4|lpm_mux:Mux3|mux_cqc:auto_generated|_~14 ; |e38|decoder:inst4|lpm_mux:Mux3|mux_cqc:auto_generated|_~14 ; out0             ;
; |e38|decoder:inst4|lpm_mux:Mux3|mux_cqc:auto_generated|_~18 ; |e38|decoder:inst4|lpm_mux:Mux3|mux_cqc:auto_generated|_~18 ; out0             ;
; |e38|decoder:inst4|lpm_mux:Mux3|mux_cqc:auto_generated|_~27 ; |e38|decoder:inst4|lpm_mux:Mux3|mux_cqc:auto_generated|_~27 ; out0             ;
; |e38|decoder:inst4|lpm_mux:Mux3|mux_cqc:auto_generated|_~36 ; |e38|decoder:inst4|lpm_mux:Mux3|mux_cqc:auto_generated|_~36 ; out0             ;
; |e38|decoder:inst4|lpm_mux:Mux3|mux_cqc:auto_generated|_~40 ; |e38|decoder:inst4|lpm_mux:Mux3|mux_cqc:auto_generated|_~40 ; out0             ;
; |e38|decoder:inst4|lpm_mux:Mux2|mux_cqc:auto_generated|_~0  ; |e38|decoder:inst4|lpm_mux:Mux2|mux_cqc:auto_generated|_~0  ; out0             ;
; |e38|decoder:inst4|lpm_mux:Mux2|mux_cqc:auto_generated|_~5  ; |e38|decoder:inst4|lpm_mux:Mux2|mux_cqc:auto_generated|_~5  ; out0             ;
; |e38|decoder:inst4|lpm_mux:Mux2|mux_cqc:auto_generated|_~9  ; |e38|decoder:inst4|lpm_mux:Mux2|mux_cqc:auto_generated|_~9  ; out0             ;
; |e38|decoder:inst4|lpm_mux:Mux2|mux_cqc:auto_generated|_~14 ; |e38|decoder:inst4|lpm_mux:Mux2|mux_cqc:auto_generated|_~14 ; out0             ;
; |e38|decoder:inst4|lpm_mux:Mux2|mux_cqc:auto_generated|_~18 ; |e38|decoder:inst4|lpm_mux:Mux2|mux_cqc:auto_generated|_~18 ; out0             ;
; |e38|decoder:inst4|lpm_mux:Mux2|mux_cqc:auto_generated|_~27 ; |e38|decoder:inst4|lpm_mux:Mux2|mux_cqc:auto_generated|_~27 ; out0             ;
; |e38|decoder:inst4|lpm_mux:Mux2|mux_cqc:auto_generated|_~36 ; |e38|decoder:inst4|lpm_mux:Mux2|mux_cqc:auto_generated|_~36 ; out0             ;
; |e38|decoder:inst4|lpm_mux:Mux2|mux_cqc:auto_generated|_~40 ; |e38|decoder:inst4|lpm_mux:Mux2|mux_cqc:auto_generated|_~40 ; out0             ;
; |e38|decoder:inst4|lpm_mux:Mux1|mux_cqc:auto_generated|_~18 ; |e38|decoder:inst4|lpm_mux:Mux1|mux_cqc:auto_generated|_~18 ; out0             ;
; |e38|decoder:inst4|lpm_mux:Mux1|mux_cqc:auto_generated|_~27 ; |e38|decoder:inst4|lpm_mux:Mux1|mux_cqc:auto_generated|_~27 ; out0             ;
; |e38|decoder:inst4|lpm_mux:Mux1|mux_cqc:auto_generated|_~36 ; |e38|decoder:inst4|lpm_mux:Mux1|mux_cqc:auto_generated|_~36 ; out0             ;
; |e38|decoder:inst4|lpm_mux:Mux1|mux_cqc:auto_generated|_~40 ; |e38|decoder:inst4|lpm_mux:Mux1|mux_cqc:auto_generated|_~40 ; out0             ;
; |e38|decoder:inst4|lpm_mux:Mux0|mux_cqc:auto_generated|_~5  ; |e38|decoder:inst4|lpm_mux:Mux0|mux_cqc:auto_generated|_~5  ; out0             ;
; |e38|decoder:inst4|lpm_mux:Mux0|mux_cqc:auto_generated|_~14 ; |e38|decoder:inst4|lpm_mux:Mux0|mux_cqc:auto_generated|_~14 ; out0             ;
; |e38|decoder:inst4|lpm_mux:Mux0|mux_cqc:auto_generated|_~27 ; |e38|decoder:inst4|lpm_mux:Mux0|mux_cqc:auto_generated|_~27 ; out0             ;
; |e38|decoder:inst4|lpm_mux:Mux0|mux_cqc:auto_generated|_~36 ; |e38|decoder:inst4|lpm_mux:Mux0|mux_cqc:auto_generated|_~36 ; out0             ;
; |e38|decoder:inst4|lpm_mux:Mux0|mux_cqc:auto_generated|_~40 ; |e38|decoder:inst4|lpm_mux:Mux0|mux_cqc:auto_generated|_~40 ; out0             ;
+-------------------------------------------------------------+-------------------------------------------------------------+------------------+


The following table displays output ports that do not toggle to 0 during simulation.
+----------------------------------------------------------------------------------------------------------------------------------------------+
; Missing 0-Value Coverage                                                                                                                     ;
+-------------------------------------------------------------+-------------------------------------------------------------+------------------+
; Node Name                                                   ; Output Port Name                                            ; Output Port Type ;
+-------------------------------------------------------------+-------------------------------------------------------------+------------------+
; |e38|y7                                                     ; |e38|y7                                                     ; pin_out          ;
; |e38|inst11                                                 ; |e38|inst11                                                 ; out0             ;
; |e38|a                                                      ; |e38|a                                                      ; out              ;
; |e38|b                                                      ; |e38|b                                                      ; out              ;
; |e38|c                                                      ; |e38|c                                                      ; out              ;
; |e38|y6                                                     ; |e38|y6                                                     ; pin_out          ;
; |e38|inst12                                                 ; |e38|inst12                                                 ; out0             ;
; |e38|y5                                                     ; |e38|y5                                                     ; pin_out          ;
; |e38|inst13                                                 ; |e38|inst13                                                 ; out0             ;
; |e38|y4                                                     ; |e38|y4                                                     ; pin_out          ;
; |e38|inst14                                                 ; |e38|inst14                                                 ; out0             ;
; |e38|y3                                                     ; |e38|y3                                                     ; pin_out          ;
; |e38|inst15                                                 ; |e38|inst15                                                 ; out0             ;
; |e38|y2                                                     ; |e38|y2                                                     ; pin_out          ;
; |e38|inst16                                                 ; |e38|inst16                                                 ; out0             ;
; |e38|y1                                                     ; |e38|y1                                                     ; pin_out          ;
; |e38|inst17                                                 ; |e38|inst17                                                 ; out0             ;
; |e38|y0                                                     ; |e38|y0                                                     ; pin_out          ;
; |e38|decoder:inst4|lpm_mux:Mux7|mux_cqc:auto_generated|_~5  ; |e38|decoder:inst4|lpm_mux:Mux7|mux_cqc:auto_generated|_~5  ; out0             ;
; |e38|decoder:inst4|lpm_mux:Mux7|mux_cqc:auto_generated|_~14 ; |e38|decoder:inst4|lpm_mux:Mux7|mux_cqc:auto_generated|_~14 ; out0             ;
; |e38|decoder:inst4|lpm_mux:Mux7|mux_cqc:auto_generated|_~18 ; |e38|decoder:inst4|lpm_mux:Mux7|mux_cqc:auto_generated|_~18 ; out0             ;
; |e38|decoder:inst4|lpm_mux:Mux7|mux_cqc:auto_generated|_~24 ; |e38|decoder:inst4|lpm_mux:Mux7|mux_cqc:auto_generated|_~24 ; out0             ;
; |e38|decoder:inst4|lpm_mux:Mux7|mux_cqc:auto_generated|_~26 ; |e38|decoder:inst4|lpm_mux:Mux7|mux_cqc:auto_generated|_~26 ; out0             ;
; |e38|decoder:inst4|lpm_mux:Mux7|mux_cqc:auto_generated|_~27 ; |e38|decoder:inst4|lpm_mux:Mux7|mux_cqc:auto_generated|_~27 ; out0             ;
; |e38|decoder:inst4|lpm_mux:Mux7|mux_cqc:auto_generated|_~33 ; |e38|decoder:inst4|lpm_mux:Mux7|mux_cqc:auto_generated|_~33 ; out0             ;
; |e38|decoder:inst4|lpm_mux:Mux7|mux_cqc:auto_generated|_~35 ; |e38|decoder:inst4|lpm_mux:Mux7|mux_cqc:auto_generated|_~35 ; out0             ;
; |e38|decoder:inst4|lpm_mux:Mux7|mux_cqc:auto_generated|_~36 ; |e38|decoder:inst4|lpm_mux:Mux7|mux_cqc:auto_generated|_~36 ; out0             ;
; |e38|decoder:inst4|lpm_mux:Mux7|mux_cqc:auto_generated|_~40 ; |e38|decoder:inst4|lpm_mux:Mux7|mux_cqc:auto_generated|_~40 ; out0             ;
; |e38|decoder:inst4|lpm_mux:Mux6|mux_cqc:auto_generated|_~5  ; |e38|decoder:inst4|lpm_mux:Mux6|mux_cqc:auto_generated|_~5  ; out0             ;
; |e38|decoder:inst4|lpm_mux:Mux6|mux_cqc:auto_generated|_~14 ; |e38|decoder:inst4|lpm_mux:Mux6|mux_cqc:auto_generated|_~14 ; out0             ;
; |e38|decoder:inst4|lpm_mux:Mux6|mux_cqc:auto_generated|_~18 ; |e38|decoder:inst4|lpm_mux:Mux6|mux_cqc:auto_generated|_~18 ; out0             ;
; |e38|decoder:inst4|lpm_mux:Mux6|mux_cqc:auto_generated|_~22 ; |e38|decoder:inst4|lpm_mux:Mux6|mux_cqc:auto_generated|_~22 ; out0             ;
; |e38|decoder:inst4|lpm_mux:Mux6|mux_cqc:auto_generated|_~27 ; |e38|decoder:inst4|lpm_mux:Mux6|mux_cqc:auto_generated|_~27 ; out0             ;
; |e38|decoder:inst4|lpm_mux:Mux6|mux_cqc:auto_generated|_~31 ; |e38|decoder:inst4|lpm_mux:Mux6|mux_cqc:auto_generated|_~31 ; out0             ;
; |e38|decoder:inst4|lpm_mux:Mux6|mux_cqc:auto_generated|_~36 ; |e38|decoder:inst4|lpm_mux:Mux6|mux_cqc:auto_generated|_~36 ; out0             ;
; |e38|decoder:inst4|lpm_mux:Mux6|mux_cqc:auto_generated|_~40 ; |e38|decoder:inst4|lpm_mux:Mux6|mux_cqc:auto_generated|_~40 ; out0             ;
; |e38|decoder:inst4|lpm_mux:Mux5|mux_cqc:auto_generated|_~5  ; |e38|decoder:inst4|lpm_mux:Mux5|mux_cqc:auto_generated|_~5  ; out0             ;
; |e38|decoder:inst4|lpm_mux:Mux5|mux_cqc:auto_generated|_~14 ; |e38|decoder:inst4|lpm_mux:Mux5|mux_cqc:auto_generated|_~14 ; out0             ;
; |e38|decoder:inst4|lpm_mux:Mux5|mux_cqc:auto_generated|_~18 ; |e38|decoder:inst4|lpm_mux:Mux5|mux_cqc:auto_generated|_~18 ; out0             ;
; |e38|decoder:inst4|lpm_mux:Mux5|mux_cqc:auto_generated|_~40 ; |e38|decoder:inst4|lpm_mux:Mux5|mux_cqc:auto_generated|_~40 ; out0             ;
; |e38|decoder:inst4|lpm_mux:Mux4|mux_cqc:auto_generated|_~5  ; |e38|decoder:inst4|lpm_mux:Mux4|mux_cqc:auto_generated|_~5  ; out0             ;
; |e38|decoder:inst4|lpm_mux:Mux4|mux_cqc:auto_generated|_~14 ; |e38|decoder:inst4|lpm_mux:Mux4|mux_cqc:auto_generated|_~14 ; out0             ;
; |e38|decoder:inst4|lpm_mux:Mux4|mux_cqc:auto_generated|_~18 ; |e38|decoder:inst4|lpm_mux:Mux4|mux_cqc:auto_generated|_~18 ; out0             ;
; |e38|decoder:inst4|lpm_mux:Mux4|mux_cqc:auto_generated|_~27 ; |e38|decoder:inst4|lpm_mux:Mux4|mux_cqc:auto_generated|_~27 ; out0             ;
; |e38|decoder:inst4|lpm_mux:Mux4|mux_cqc:auto_generated|_~36 ; |e38|decoder:inst4|lpm_mux:Mux4|mux_cqc:auto_generated|_~36 ; out0             ;
; |e38|decoder:inst4|lpm_mux:Mux3|mux_cqc:auto_generated|_~2  ; |e38|decoder:inst4|lpm_mux:Mux3|mux_cqc:auto_generated|_~2  ; out0             ;
; |e38|decoder:inst4|lpm_mux:Mux3|mux_cqc:auto_generated|_~4  ; |e38|decoder:inst4|lpm_mux:Mux3|mux_cqc:auto_generated|_~4  ; out0             ;
; |e38|decoder:inst4|lpm_mux:Mux3|mux_cqc:auto_generated|_~5  ; |e38|decoder:inst4|lpm_mux:Mux3|mux_cqc:auto_generated|_~5  ; out0             ;
; |e38|decoder:inst4|lpm_mux:Mux3|mux_cqc:auto_generated|_~11 ; |e38|decoder:inst4|lpm_mux:Mux3|mux_cqc:auto_generated|_~11 ; out0             ;
; |e38|decoder:inst4|lpm_mux:Mux3|mux_cqc:auto_generated|_~13 ; |e38|decoder:inst4|lpm_mux:Mux3|mux_cqc:auto_generated|_~13 ; out0             ;
; |e38|decoder:inst4|lpm_mux:Mux3|mux_cqc:auto_generated|_~14 ; |e38|decoder:inst4|lpm_mux:Mux3|mux_cqc:auto_generated|_~14 ; out0             ;
; |e38|decoder:inst4|lpm_mux:Mux3|mux_cqc:auto_generated|_~18 ; |e38|decoder:inst4|lpm_mux:Mux3|mux_cqc:auto_generated|_~18 ; out0             ;
; |e38|decoder:inst4|lpm_mux:Mux3|mux_cqc:auto_generated|_~27 ; |e38|decoder:inst4|lpm_mux:Mux3|mux_cqc:auto_generated|_~27 ; out0             ;
; |e38|decoder:inst4|lpm_mux:Mux3|mux_cqc:auto_generated|_~36 ; |e38|decoder:inst4|lpm_mux:Mux3|mux_cqc:auto_generated|_~36 ; out0             ;
; |e38|decoder:inst4|lpm_mux:Mux3|mux_cqc:auto_generated|_~40 ; |e38|decoder:inst4|lpm_mux:Mux3|mux_cqc:auto_generated|_~40 ; out0             ;
; |e38|decoder:inst4|lpm_mux:Mux2|mux_cqc:auto_generated|_~0  ; |e38|decoder:inst4|lpm_mux:Mux2|mux_cqc:auto_generated|_~0  ; out0             ;
; |e38|decoder:inst4|lpm_mux:Mux2|mux_cqc:auto_generated|_~5  ; |e38|decoder:inst4|lpm_mux:Mux2|mux_cqc:auto_generated|_~5  ; out0             ;
; |e38|decoder:inst4|lpm_mux:Mux2|mux_cqc:auto_generated|_~9  ; |e38|decoder:inst4|lpm_mux:Mux2|mux_cqc:auto_generated|_~9  ; out0             ;
; |e38|decoder:inst4|lpm_mux:Mux2|mux_cqc:auto_generated|_~14 ; |e38|decoder:inst4|lpm_mux:Mux2|mux_cqc:auto_generated|_~14 ; out0             ;
; |e38|decoder:inst4|lpm_mux:Mux2|mux_cqc:auto_generated|_~18 ; |e38|decoder:inst4|lpm_mux:Mux2|mux_cqc:auto_generated|_~18 ; out0             ;
; |e38|decoder:inst4|lpm_mux:Mux2|mux_cqc:auto_generated|_~27 ; |e38|decoder:inst4|lpm_mux:Mux2|mux_cqc:auto_generated|_~27 ; out0             ;
; |e38|decoder:inst4|lpm_mux:Mux2|mux_cqc:auto_generated|_~36 ; |e38|decoder:inst4|lpm_mux:Mux2|mux_cqc:auto_generated|_~36 ; out0             ;
; |e38|decoder:inst4|lpm_mux:Mux2|mux_cqc:auto_generated|_~40 ; |e38|decoder:inst4|lpm_mux:Mux2|mux_cqc:auto_generated|_~40 ; out0             ;
; |e38|decoder:inst4|lpm_mux:Mux1|mux_cqc:auto_generated|_~18 ; |e38|decoder:inst4|lpm_mux:Mux1|mux_cqc:auto_generated|_~18 ; out0             ;
; |e38|decoder:inst4|lpm_mux:Mux1|mux_cqc:auto_generated|_~27 ; |e38|decoder:inst4|lpm_mux:Mux1|mux_cqc:auto_generated|_~27 ; out0             ;
; |e38|decoder:inst4|lpm_mux:Mux1|mux_cqc:auto_generated|_~36 ; |e38|decoder:inst4|lpm_mux:Mux1|mux_cqc:auto_generated|_~36 ; out0             ;
; |e38|decoder:inst4|lpm_mux:Mux1|mux_cqc:auto_generated|_~40 ; |e38|decoder:inst4|lpm_mux:Mux1|mux_cqc:auto_generated|_~40 ; out0             ;
; |e38|decoder:inst4|lpm_mux:Mux0|mux_cqc:auto_generated|_~5  ; |e38|decoder:inst4|lpm_mux:Mux0|mux_cqc:auto_generated|_~5  ; out0             ;
; |e38|decoder:inst4|lpm_mux:Mux0|mux_cqc:auto_generated|_~14 ; |e38|decoder:inst4|lpm_mux:Mux0|mux_cqc:auto_generated|_~14 ; out0             ;
; |e38|decoder:inst4|lpm_mux:Mux0|mux_cqc:auto_generated|_~27 ; |e38|decoder:inst4|lpm_mux:Mux0|mux_cqc:auto_generated|_~27 ; out0             ;
; |e38|decoder:inst4|lpm_mux:Mux0|mux_cqc:auto_generated|_~36 ; |e38|decoder:inst4|lpm_mux:Mux0|mux_cqc:auto_generated|_~36 ; out0             ;
; |e38|decoder:inst4|lpm_mux:Mux0|mux_cqc:auto_generated|_~40 ; |e38|decoder:inst4|lpm_mux:Mux0|mux_cqc:auto_generated|_~40 ; out0             ;
+-------------------------------------------------------------+-------------------------------------------------------------+------------------+


+---------------------+
; Simulator INI Usage ;
+--------+------------+
; Option ; Usage      ;
+--------+------------+


+--------------------+
; Simulator Messages ;
+--------------------+
Info: *******************************************************************
Info: Running Quartus II 64-Bit Simulator
    Info: Version 13.0.0 Build 156 04/24/2013 SJ Full Version
    Info: Processing started: Tue Feb 28 17:56:24 2023
Info: Command: quartus_sim --simulation_results_format=VWF e38 -c e38_qsim
Info (324025): Using vector source file "C:/Users/ASUS/Desktop/e38/Waveform2.vwf"
Warning (328012): Can't find signal in vector source file for input pin "|e38|a"
Warning (328012): Can't find signal in vector source file for input pin "|e38|b"
Warning (328012): Can't find signal in vector source file for input pin "|e38|c"
Info (310003): Option to preserve fewer signal transitions to reduce memory requirements is enabled
    Info (310004): Simulation has been partitioned into sub-simulations according to the maximum transition count determined by the engine. Transitions from memory will be flushed out to disk at the end of each sub-simulation to reduce memory requirements.
Info (310002): Simulation partitioned into 1 sub-simulations
Info (328053): Simulation coverage is      81.86 %
Info (328052): Number of transitions in simulation is 2353
Info (324045): Vector file e38_qsim.sim.vwf is saved in VWF text format. You can compress it into CVWF format in order to reduce file size. For more details please refer to the Quartus II Help.
Info: Quartus II 64-Bit Simulator was successful. 0 errors, 3 warnings
    Info: Peak virtual memory: 4448 megabytes
    Info: Processing ended: Tue Feb 28 17:56:25 2023
    Info: Elapsed time: 00:00:01
    Info: Total CPU time (on all processors): 00:00:01


